[ 2014-09-27T14:34:48+08:00 ] 0.0.0.0 /xinxi/admin.php/Login/login
INFO: [ route_check ] --START--
INFO: Run CheckRoute Behavior [ RunTime:0.002636s ]
INFO: [ route_check ] --END-- [ RunTime:0.002805s ]
INFO: [ app_begin ] --START--
INFO: Run ReadHtmlCache Behavior [ RunTime:0.002407s ]
INFO: [ app_begin ] --END-- [ RunTime:0.002600s ]
INFO: [ view_template ] --START--
INFO: Run LocationTemplate Behavior [ RunTime:0.008760s ]
INFO: [ view_template ] --END-- [ RunTime:0.008940s ]
INFO: [ view_parse ] --START--
INFO: Run ParseTemplate Behavior [ RunTime:0.035709s ]
INFO: [ view_parse ] --END-- [ RunTime:0.035855s ]
INFO: [ view_filter ] --START--
INFO: Run ContentReplace Behavior [ RunTime:0.001440s ]
INFO: Run TokenBuild Behavior [ RunTime:0.001456s ]
INFO: Run WriteHtmlCache Behavior [ RunTime:0.001528s ]
INFO: Run ShowRuntime Behavior [ RunTime:0.001579s ]
INFO: [ view_filter ] --END-- [ RunTime:0.006315s ]
INFO: [ view_end ] --START--
INFO: Run ShowPageTrace Behavior [ RunTime:0.001484s ]
INFO: [ view_end ] --END-- [ RunTime:0.001585s ]

[ 2014-09-27T14:35:03+08:00 ] 0.0.0.0 /xinxi/admin.php/Index/index
INFO: [ route_check ] --START--
INFO: Run CheckRoute Behavior [ RunTime:0.001893s ]
INFO: [ route_check ] --END-- [ RunTime:0.002038s ]
INFO: [ app_begin ] --START--
INFO: Run ReadHtmlCache Behavior [ RunTime:0.001942s ]
INFO: [ app_begin ] --END-- [ RunTime:0.002095s ]
INFO: [ view_template ] --START--
INFO: Run LocationTemplate Behavior [ RunTime:0.004141s ]
INFO: [ view_template ] --END-- [ RunTime:0.004576s ]
INFO: [ view_parse ] --START--
INFO: Run ParseTemplate Behavior [ RunTime:0.032842s ]
INFO: [ view_parse ] --END-- [ RunTime:0.033025s ]
INFO: [ view_filter ] --START--
INFO: Run ContentReplace Behavior [ RunTime:0.001977s ]
INFO: Run TokenBuild Behavior [ RunTime:0.001617s ]
INFO: Run WriteHtmlCache Behavior [ RunTime:0.001265s ]
INFO: Run ShowRuntime Behavior [ RunTime:0.001421s ]
INFO: [ view_filter ] --END-- [ RunTime:0.006584s ]
INFO: [ view_end ] --START--
INFO: Run ShowPageTrace Behavior [ RunTime:0.001578s ]
INFO: [ view_end ] --END-- [ RunTime:0.001674s ]

[ 2014-09-27T14:35:07+08:00 ] 0.0.0.0 /xinxi/admin.php/Essay/buildEssay
INFO: [ route_check ] --START--
INFO: Run CheckRoute Behavior [ RunTime:0.002378s ]
INFO: [ route_check ] --END-- [ RunTime:0.002564s ]
INFO: [ app_begin ] --START--
INFO: Run ReadHtmlCache Behavior [ RunTime:0.002352s ]
INFO: [ app_begin ] --END-- [ RunTime:0.002709s ]
SQL: SHOW COLUMNS FROM `tp_program` [ RunTime:0.019927s ]
SQL: SELECT `code`,`pname` FROM `tp_program` WHERE ( pparent = '0' )  [ RunTime:0.000415s ]
SQL: SELECT `code`,`pname` FROM `tp_program` WHERE ( pparent = 'dwjl' )  [ RunTime:0.004956s ]
SQL: SELECT `code`,`pname` FROM `tp_program` WHERE ( pparent = 'fwxx' )  [ RunTime:0.000234s ]
SQL: SELECT `code`,`pname` FROM `tp_program` WHERE ( pparent = 'kxyj' )  [ RunTime:0.000226s ]
SQL: SELECT `code`,`pname` FROM `tp_program` WHERE ( pparent = 'rcpy' )  [ RunTime:0.000224s ]
SQL: SELECT `code`,`pname` FROM `tp_program` WHERE ( pparent = 'szdw' )  [ RunTime:0.000224s ]
SQL: SELECT `code`,`pname` FROM `tp_program` WHERE ( pparent = 'xydt' )  [ RunTime:0.000216s ]
SQL: SELECT `code`,`pname` FROM `tp_program` WHERE ( pparent = 'xygk' )  [ RunTime:0.000215s ]
SQL: SELECT `code`,`pname` FROM `tp_program` WHERE ( pparent = 'xysh' )  [ RunTime:0.000245s ]
SQL: SELECT `code`,`pname` FROM `tp_program` WHERE ( pparent = 'xzzq' )  [ RunTime:0.000227s ]
NOTIC: [2] Invalid argument supplied for foreach() G:\wamp\www\xinxi\Admin\Lib\Action\CommonAction.class.php 第 24 行.
SQL: SELECT `code`,`pname` FROM `tp_program` WHERE ( pparent = 'zsjy' )  [ RunTime:0.000230s ]
INFO: [ view_template ] --START--
INFO: Run LocationTemplate Behavior [ RunTime:0.002765s ]
INFO: [ view_template ] --END-- [ RunTime:0.002898s ]
INFO: [ view_parse ] --START--
NOTIC: [8] Undefined variable: isRevise G:\wamp\www\xinxi\Admin\Runtime\Cache\f18d7ebdcadfc98e89813f2dbaae0dd8.php 第 208 行.
NOTIC: [8] Undefined variable: par G:\wamp\www\xinxi\Admin\Runtime\Cache\f18d7ebdcadfc98e89813f2dbaae0dd8.php 第 208 行.
NOTIC: [8] Undefined variable: sub G:\wamp\www\xinxi\Admin\Runtime\Cache\f18d7ebdcadfc98e89813f2dbaae0dd8.php 第 208 行.
NOTIC: [8] Undefined variable: essay G:\wamp\www\xinxi\Admin\Runtime\Cache\f18d7ebdcadfc98e89813f2dbaae0dd8.php 第 208 行.
INFO: Run ParseTemplate Behavior [ RunTime:0.064527s ]
INFO: [ view_parse ] --END-- [ RunTime:0.064753s ]
INFO: [ view_filter ] --START--
INFO: Run ContentReplace Behavior [ RunTime:0.003737s ]
INFO: Run TokenBuild Behavior [ RunTime:0.003242s ]
INFO: Run WriteHtmlCache Behavior [ RunTime:0.002832s ]
INFO: Run ShowRuntime Behavior [ RunTime:0.003253s ]
INFO: [ view_filter ] --END-- [ RunTime:0.013740s ]
INFO: [ view_end ] --START--
INFO: Run ShowPageTrace Behavior [ RunTime:0.003823s ]
INFO: [ view_end ] --END-- [ RunTime:0.004035s ]

[ 2014-09-27T14:35:12+08:00 ] 0.0.0.0 /xinxi/admin.php/Teacher/addTeacher
INFO: [ route_check ] --START--
INFO: Run CheckRoute Behavior [ RunTime:0.002464s ]
INFO: [ route_check ] --END-- [ RunTime:0.002690s ]
INFO: [ app_begin ] --START--
INFO: Run ReadHtmlCache Behavior [ RunTime:0.002099s ]
INFO: [ app_begin ] --END-- [ RunTime:0.002322s ]
SQL: SHOW COLUMNS FROM `tp_teacher` [ RunTime:0.041683s ]
SQL: SELECT `cname` FROM `tp_teacher`  [ RunTime:0.025861s ]
INFO: [ view_template ] --START--
INFO: Run LocationTemplate Behavior [ RunTime:0.002356s ]
INFO: [ view_template ] --END-- [ RunTime:0.002468s ]
INFO: [ view_parse ] --START--
INFO: Run ParseTemplate Behavior [ RunTime:0.036860s ]
INFO: [ view_parse ] --END-- [ RunTime:0.036992s ]
INFO: [ view_filter ] --START--
INFO: Run ContentReplace Behavior [ RunTime:0.001690s ]
INFO: Run TokenBuild Behavior [ RunTime:0.001570s ]
INFO: Run WriteHtmlCache Behavior [ RunTime:0.001276s ]
INFO: Run ShowRuntime Behavior [ RunTime:0.001364s ]
INFO: [ view_filter ] --END-- [ RunTime:0.006191s ]
INFO: [ view_end ] --START--
INFO: Run ShowPageTrace Behavior [ RunTime:0.001489s ]
INFO: [ view_end ] --END-- [ RunTime:0.001577s ]

[ 2014-09-27T14:35:16+08:00 ] 0.0.0.0 /xinxi/admin.php/File/showFile
INFO: [ route_check ] --START--
INFO: Run CheckRoute Behavior [ RunTime:0.003848s ]
INFO: [ route_check ] --END-- [ RunTime:0.004075s ]
INFO: [ app_begin ] --START--
INFO: Run ReadHtmlCache Behavior [ RunTime:0.002332s ]
INFO: [ app_begin ] --END-- [ RunTime:0.002519s ]
SQL: SHOW COLUMNS FROM `tp_file` [ RunTime:0.027404s ]
SQL: SELECT COUNT(*) AS tp_count FROM `tp_file` LIMIT 1   [ RunTime:0.022138s ]
SQL: SELECT * FROM `tp_file` LIMIT 0,4   [ RunTime:0.000285s ]
INFO: [ view_template ] --START--
INFO: Run LocationTemplate Behavior [ RunTime:0.002234s ]
INFO: [ view_template ] --END-- [ RunTime:0.002329s ]
INFO: [ view_parse ] --START--
INFO: Run ParseTemplate Behavior [ RunTime:0.245214s ]
INFO: [ view_parse ] --END-- [ RunTime:0.245426s ]
INFO: [ view_filter ] --START--
INFO: Run ContentReplace Behavior [ RunTime:0.003579s ]
INFO: Run TokenBuild Behavior [ RunTime:0.003427s ]
INFO: Run WriteHtmlCache Behavior [ RunTime:0.003127s ]
INFO: Run ShowRuntime Behavior [ RunTime:0.003860s ]
INFO: [ view_filter ] --END-- [ RunTime:0.014706s ]
INFO: [ view_end ] --START--
INFO: Run ShowPageTrace Behavior [ RunTime:0.004587s ]
INFO: [ view_end ] --END-- [ RunTime:0.004976s ]

[ 2014-09-27T14:35:18+08:00 ] 0.0.0.0 /xinxi/admin.php/Teacher/addTeacher
INFO: [ route_check ] --START--
INFO: Run CheckRoute Behavior [ RunTime:0.002433s ]
INFO: [ route_check ] --END-- [ RunTime:0.002652s ]
INFO: [ app_begin ] --START--
INFO: Run ReadHtmlCache Behavior [ RunTime:0.001533s ]
INFO: [ app_begin ] --END-- [ RunTime:0.001633s ]
SQL: SHOW COLUMNS FROM `tp_teacher` [ RunTime:0.023849s ]
SQL: SELECT `cname` FROM `tp_teacher`  [ RunTime:0.000360s ]
INFO: [ view_template ] --START--
INFO: Run LocationTemplate Behavior [ RunTime:0.002335s ]
INFO: [ view_template ] --END-- [ RunTime:0.002448s ]
INFO: [ view_parse ] --START--
INFO: Run ParseTemplate Behavior [ RunTime:0.014816s ]
INFO: [ view_parse ] --END-- [ RunTime:0.014944s ]
INFO: [ view_filter ] --START--
INFO: Run ContentReplace Behavior [ RunTime:0.001608s ]
INFO: Run TokenBuild Behavior [ RunTime:0.001417s ]
INFO: Run WriteHtmlCache Behavior [ RunTime:0.001401s ]
INFO: Run ShowRuntime Behavior [ RunTime:0.001427s ]
INFO: [ view_filter ] --END-- [ RunTime:0.006152s ]
INFO: [ view_end ] --START--
INFO: Run ShowPageTrace Behavior [ RunTime:0.001510s ]
INFO: [ view_end ] --END-- [ RunTime:0.001607s ]

[ 2014-09-27T14:35:21+08:00 ] 0.0.0.0 /xinxi/admin.php/File/showFile
INFO: [ route_check ] --START--
INFO: Run CheckRoute Behavior [ RunTime:0.002945s ]
INFO: [ route_check ] --END-- [ RunTime:0.003146s ]
INFO: [ app_begin ] --START--
INFO: Run ReadHtmlCache Behavior [ RunTime:0.002103s ]
INFO: [ app_begin ] --END-- [ RunTime:0.002256s ]
SQL: SHOW COLUMNS FROM `tp_file` [ RunTime:0.016497s ]
SQL: SELECT COUNT(*) AS tp_count FROM `tp_file` LIMIT 1   [ RunTime:0.000361s ]
SQL: SELECT * FROM `tp_file` LIMIT 0,4   [ RunTime:0.000290s ]
INFO: [ view_template ] --START--
INFO: Run LocationTemplate Behavior [ RunTime:0.002147s ]
INFO: [ view_template ] --END-- [ RunTime:0.002246s ]
INFO: [ view_parse ] --START--
INFO: Run ParseTemplate Behavior [ RunTime:0.016521s ]
INFO: [ view_parse ] --END-- [ RunTime:0.016634s ]
INFO: [ view_filter ] --START--
INFO: Run ContentReplace Behavior [ RunTime:0.001373s ]
INFO: Run TokenBuild Behavior [ RunTime:0.001725s ]
INFO: Run WriteHtmlCache Behavior [ RunTime:0.001292s ]
INFO: Run ShowRuntime Behavior [ RunTime:0.001411s ]
INFO: [ view_filter ] --END-- [ RunTime:0.006083s ]
INFO: [ view_end ] --START--
INFO: Run ShowPageTrace Behavior [ RunTime:0.001584s ]
INFO: [ view_end ] --END-- [ RunTime:0.001681s ]

[ 2014-09-27T14:35:24+08:00 ] 0.0.0.0 /xinxi/admin.php/Teacher/showTeacher
INFO: [ route_check ] --START--
INFO: Run CheckRoute Behavior [ RunTime:0.002333s ]
INFO: [ route_check ] --END-- [ RunTime:0.002526s ]
INFO: [ app_begin ] --START--
INFO: Run ReadHtmlCache Behavior [ RunTime:0.002226s ]
INFO: [ app_begin ] --END-- [ RunTime:0.002398s ]
SQL: SHOW COLUMNS FROM `tp_teacher` [ RunTime:0.040788s ]
SQL: SELECT COUNT(*) AS tp_count FROM `tp_teacher` LIMIT 1   [ RunTime:0.000338s ]
SQL: SELECT * FROM `tp_teacher` LIMIT 0,12   [ RunTime:0.000474s ]
SQL: SHOW COLUMNS FROM `tp_kind` [ RunTime:0.027798s ]
SQL: SELECT `kname` FROM `tp_kind` WHERE ( 1=1 AND kid='5' ) LIMIT 1   [ RunTime:0.040594s ]
SQL: SELECT `kname` FROM `tp_kind` WHERE ( 1=1 AND kid='5' ) LIMIT 1   [ RunTime:0.000280s ]
SQL: SELECT `kname` FROM `tp_kind` WHERE ( 1=1 AND kid='5' ) LIMIT 1   [ RunTime:0.000270s ]
SQL: SELECT `kname` FROM `tp_kind` WHERE ( 1=1 AND kid='5' ) LIMIT 1   [ RunTime:0.000289s ]
INFO: [ view_template ] --START--
INFO: Run LocationTemplate Behavior [ RunTime:0.002070s ]
INFO: [ view_template ] --END-- [ RunTime:0.002166s ]
INFO: [ view_parse ] --START--
INFO: Run ParseTemplate Behavior [ RunTime:0.030145s ]
INFO: [ view_parse ] --END-- [ RunTime:0.030266s ]
INFO: [ view_filter ] --START--
INFO: Run ContentReplace Behavior [ RunTime:0.001173s ]
INFO: Run TokenBuild Behavior [ RunTime:0.001342s ]
INFO: Run WriteHtmlCache Behavior [ RunTime:0.000986s ]
INFO: Run ShowRuntime Behavior [ RunTime:0.001150s ]
INFO: [ view_filter ] --END-- [ RunTime:0.004910s ]
INFO: [ view_end ] --START--
INFO: Run ShowPageTrace Behavior [ RunTime:0.001379s ]
INFO: [ view_end ] --END-- [ RunTime:0.001505s ]

[ 2014-09-27T14:35:26+08:00 ] 0.0.0.0 /xinxi/admin.php/Teacher/updateTeacher?tid=1
INFO: [ route_check ] --START--
INFO: Run CheckRoute Behavior [ RunTime:0.001245s ]
INFO: [ route_check ] --END-- [ RunTime:0.001363s ]
INFO: [ app_begin ] --START--
INFO: Run ReadHtmlCache Behavior [ RunTime:0.001203s ]
INFO: [ app_begin ] --END-- [ RunTime:0.001311s ]
SQL: SHOW COLUMNS FROM `tp_teacher` [ RunTime:0.018322s ]
SQL: SELECT `cname` FROM `tp_teacher`  [ RunTime:0.000299s ]
SQL: SELECT * FROM `tp_teacher` WHERE ( `tid` = 1 ) LIMIT 1   [ RunTime:0.023901s ]
INFO: [ view_template ] --START--
INFO: Run LocationTemplate Behavior [ RunTime:0.001915s ]
INFO: [ view_template ] --END-- [ RunTime:0.002017s ]
INFO: [ view_parse ] --START--
INFO: Run ParseTemplate Behavior [ RunTime:0.048184s ]
INFO: [ view_parse ] --END-- [ RunTime:0.048328s ]
INFO: [ view_filter ] --START--
INFO: Run ContentReplace Behavior [ RunTime:0.001201s ]
INFO: Run TokenBuild Behavior [ RunTime:0.001092s ]
INFO: Run WriteHtmlCache Behavior [ RunTime:0.001153s ]
INFO: Run ShowRuntime Behavior [ RunTime:0.001201s ]
INFO: [ view_filter ] --END-- [ RunTime:0.004930s ]
INFO: [ view_end ] --START--
INFO: Run ShowPageTrace Behavior [ RunTime:0.001195s ]
INFO: [ view_end ] --END-- [ RunTime:0.001286s ]

[ 2014-09-27T14:35:34+08:00 ] 0.0.0.0 /xinxi/admin.php/Essay/showEssay
INFO: [ route_check ] --START--
INFO: Run CheckRoute Behavior [ RunTime:0.002059s ]
INFO: [ route_check ] --END-- [ RunTime:0.002252s ]
INFO: [ app_begin ] --START--
INFO: Run ReadHtmlCache Behavior [ RunTime:0.001800s ]
INFO: [ app_begin ] --END-- [ RunTime:0.001970s ]
SQL: SHOW COLUMNS FROM `tp_essay` [ RunTime:0.009509s ]
SQL: SELECT COUNT(*) AS tp_count FROM `tp_essay` LIMIT 1   [ RunTime:0.000316s ]
SQL: SELECT * FROM `tp_essay` LIMIT 0,10   [ RunTime:0.008193s ]
SQL: SHOW COLUMNS FROM `tp_program` [ RunTime:0.008263s ]
SQL: SELECT `pname` FROM `tp_program` WHERE ( 1=1 AND code='xyxw' ) LIMIT 1   [ RunTime:0.034035s ]
SQL: SHOW COLUMNS FROM `tp_kind` [ RunTime:0.006938s ]
SQL: SELECT `kname` FROM `tp_kind` WHERE ( 1=1 AND kid='7' ) LIMIT 1   [ RunTime:0.000289s ]
SQL: SELECT `pname` FROM `tp_program` WHERE ( 1=1 AND code='xyxw' ) LIMIT 1   [ RunTime:0.000204s ]
SQL: SELECT `kname` FROM `tp_kind` WHERE ( 1=1 AND kid='7' ) LIMIT 1   [ RunTime:0.000191s ]
SQL: SELECT `pname` FROM `tp_program` WHERE ( 1=1 AND code='xyxw' ) LIMIT 1   [ RunTime:0.000191s ]
SQL: SELECT `kname` FROM `tp_kind` WHERE ( 1=1 AND kid='7' ) LIMIT 1   [ RunTime:0.000217s ]
SQL: SELECT `pname` FROM `tp_program` WHERE ( 1=1 AND code='xyxw' ) LIMIT 1   [ RunTime:0.000441s ]
SQL: SELECT `kname` FROM `tp_kind` WHERE ( 1=1 AND kid='7' ) LIMIT 1   [ RunTime:0.000376s ]
SQL: SELECT `pname` FROM `tp_program` WHERE ( 1=1 AND code='xyjj' ) LIMIT 1   [ RunTime:0.000292s ]
SQL: SELECT `kname` FROM `tp_kind` WHERE ( 1=1 AND kid='6' ) LIMIT 1   [ RunTime:0.000286s ]
SQL: SHOW COLUMNS FROM `tp_program` [ RunTime:0.008302s ]
SQL: SELECT `code`,`pname` FROM `tp_program` WHERE ( pparent = '0' )  [ RunTime:0.000303s ]
SQL: SELECT `code`,`pname` FROM `tp_program` WHERE ( pparent = 'dwjl' )  [ RunTime:0.000194s ]
SQL: SELECT `code`,`pname` FROM `tp_program` WHERE ( pparent = 'fwxx' )  [ RunTime:0.000226s ]
SQL: SELECT `code`,`pname` FROM `tp_program` WHERE ( pparent = 'kxyj' )  [ RunTime:0.000205s ]
SQL: SELECT `code`,`pname` FROM `tp_program` WHERE ( pparent = 'rcpy' )  [ RunTime:0.000191s ]
SQL: SELECT `code`,`pname` FROM `tp_program` WHERE ( pparent = 'szdw' )  [ RunTime:0.000218s ]
SQL: SELECT `code`,`pname` FROM `tp_program` WHERE ( pparent = 'xydt' )  [ RunTime:0.000226s ]
SQL: SELECT `code`,`pname` FROM `tp_program` WHERE ( pparent = 'xygk' )  [ RunTime:0.000199s ]
SQL: SELECT `code`,`pname` FROM `tp_program` WHERE ( pparent = 'xysh' )  [ RunTime:0.000188s ]
SQL: SELECT `code`,`pname` FROM `tp_program` WHERE ( pparent = 'xzzq' )  [ RunTime:0.000192s ]
NOTIC: [2] Invalid argument supplied for foreach() G:\wamp\www\xinxi\Admin\Lib\Action\CommonAction.class.php 第 24 行.
SQL: SELECT `code`,`pname` FROM `tp_program` WHERE ( pparent = 'zsjy' )  [ RunTime:0.000189s ]
INFO: [ view_template ] --START--
INFO: Run LocationTemplate Behavior [ RunTime:0.001914s ]
INFO: [ view_template ] --END-- [ RunTime:0.002011s ]
INFO: [ view_parse ] --START--
NOTIC: [8] Undefined variable: isRevise G:\wamp\www\xinxi\Admin\Runtime\Cache\829a8ccb0d67f642b9076a00d0538ef5.php 第 139 行.
NOTIC: [8] Undefined variable: par G:\wamp\www\xinxi\Admin\Runtime\Cache\829a8ccb0d67f642b9076a00d0538ef5.php 第 139 行.
NOTIC: [8] Undefined variable: sub G:\wamp\www\xinxi\Admin\Runtime\Cache\829a8ccb0d67f642b9076a00d0538ef5.php 第 139 行.
NOTIC: [8] Undefined variable: essay G:\wamp\www\xinxi\Admin\Runtime\Cache\829a8ccb0d67f642b9076a00d0538ef5.php 第 139 行.
INFO: Run ParseTemplate Behavior [ RunTime:0.042934s ]
INFO: [ view_parse ] --END-- [ RunTime:0.043028s ]
INFO: [ view_filter ] --START--
INFO: Run ContentReplace Behavior [ RunTime:0.001316s ]
INFO: Run TokenBuild Behavior [ RunTime:0.001209s ]
INFO: Run WriteHtmlCache Behavior [ RunTime:0.001033s ]
INFO: Run ShowRuntime Behavior [ RunTime:0.001231s ]
INFO: [ view_filter ] --END-- [ RunTime:0.005077s ]
INFO: [ view_end ] --START--
INFO: Run ShowPageTrace Behavior [ RunTime:0.001293s ]
INFO: [ view_end ] --END-- [ RunTime:0.001375s ]

[ 2014-09-27T14:35:38+08:00 ] 0.0.0.0 /xinxi/admin.php/Essay/buildEssay
INFO: [ route_check ] --START--
INFO: Run CheckRoute Behavior [ RunTime:0.001954s ]
INFO: [ route_check ] --END-- [ RunTime:0.002144s ]
INFO: [ app_begin ] --START--
INFO: Run ReadHtmlCache Behavior [ RunTime:0.001221s ]
INFO: [ app_begin ] --END-- [ RunTime:0.001323s ]
SQL: SHOW COLUMNS FROM `tp_program` [ RunTime:0.007088s ]
SQL: SELECT `code`,`pname` FROM `tp_program` WHERE ( pparent = '0' )  [ RunTime:0.000483s ]
SQL: SELECT `code`,`pname` FROM `tp_program` WHERE ( pparent = 'dwjl' )  [ RunTime:0.000413s ]
SQL: SELECT `code`,`pname` FROM `tp_program` WHERE ( pparent = 'fwxx' )  [ RunTime:0.000358s ]
SQL: SELECT `code`,`pname` FROM `tp_program` WHERE ( pparent = 'kxyj' )  [ RunTime:0.000260s ]
SQL: SELECT `code`,`pname` FROM `tp_program` WHERE ( pparent = 'rcpy' )  [ RunTime:0.000254s ]
SQL: SELECT `code`,`pname` FROM `tp_program` WHERE ( pparent = 'szdw' )  [ RunTime:0.000246s ]
SQL: SELECT `code`,`pname` FROM `tp_program` WHERE ( pparent = 'xydt' )  [ RunTime:0.000263s ]
SQL: SELECT `code`,`pname` FROM `tp_program` WHERE ( pparent = 'xygk' )  [ RunTime:0.000322s ]
SQL: SELECT `code`,`pname` FROM `tp_program` WHERE ( pparent = 'xysh' )  [ RunTime:0.000331s ]
SQL: SELECT `code`,`pname` FROM `tp_program` WHERE ( pparent = 'xzzq' )  [ RunTime:0.000260s ]
NOTIC: [2] Invalid argument supplied for foreach() G:\wamp\www\xinxi\Admin\Lib\Action\CommonAction.class.php 第 24 行.
SQL: SELECT `code`,`pname` FROM `tp_program` WHERE ( pparent = 'zsjy' )  [ RunTime:0.000243s ]
INFO: [ view_template ] --START--
INFO: Run LocationTemplate Behavior [ RunTime:0.002571s ]
INFO: [ view_template ] --END-- [ RunTime:0.002725s ]
INFO: [ view_parse ] --START--
NOTIC: [8] Undefined variable: isRevise G:\wamp\www\xinxi\Admin\Runtime\Cache\f18d7ebdcadfc98e89813f2dbaae0dd8.php 第 208 行.
NOTIC: [8] Undefined variable: par G:\wamp\www\xinxi\Admin\Runtime\Cache\f18d7ebdcadfc98e89813f2dbaae0dd8.php 第 208 行.
NOTIC: [8] Undefined variable: sub G:\wamp\www\xinxi\Admin\Runtime\Cache\f18d7ebdcadfc98e89813f2dbaae0dd8.php 第 208 行.
NOTIC: [8] Undefined variable: essay G:\wamp\www\xinxi\Admin\Runtime\Cache\f18d7ebdcadfc98e89813f2dbaae0dd8.php 第 208 行.
INFO: Run ParseTemplate Behavior [ RunTime:0.017134s ]
INFO: [ view_parse ] --END-- [ RunTime:0.017252s ]
INFO: [ view_filter ] --START--
INFO: Run ContentReplace Behavior [ RunTime:0.001222s ]
INFO: Run TokenBuild Behavior [ RunTime:0.001568s ]
INFO: Run WriteHtmlCache Behavior [ RunTime:0.001264s ]
INFO: Run ShowRuntime Behavior [ RunTime:0.001432s ]
INFO: [ view_filter ] --END-- [ RunTime:0.005798s ]
INFO: [ view_end ] --START--
INFO: Run ShowPageTrace Behavior [ RunTime:0.001254s ]
INFO: [ view_end ] --END-- [ RunTime:0.001348s ]

[ 2014-09-27T14:36:03+08:00 ] 0.0.0.0 /xinxi/admin.php/Essay/showEssay
INFO: [ route_check ] --START--
INFO: Run CheckRoute Behavior [ RunTime:0.001671s ]
INFO: [ route_check ] --END-- [ RunTime:0.001789s ]
INFO: [ app_begin ] --START--
INFO: Run ReadHtmlCache Behavior [ RunTime:0.001209s ]
INFO: [ app_begin ] --END-- [ RunTime:0.001307s ]
SQL: SHOW COLUMNS FROM `tp_essay` [ RunTime:0.007785s ]
SQL: SELECT COUNT(*) AS tp_count FROM `tp_essay` LIMIT 1   [ RunTime:0.000312s ]
SQL: SELECT * FROM `tp_essay` LIMIT 0,10   [ RunTime:0.000261s ]
SQL: SHOW COLUMNS FROM `tp_program` [ RunTime:0.006976s ]
SQL: SELECT `pname` FROM `tp_program` WHERE ( 1=1 AND code='xyxw' ) LIMIT 1   [ RunTime:0.000432s ]
SQL: SHOW COLUMNS FROM `tp_kind` [ RunTime:0.007670s ]
SQL: SELECT `kname` FROM `tp_kind` WHERE ( 1=1 AND kid='7' ) LIMIT 1   [ RunTime:0.000341s ]
SQL: SELECT `pname` FROM `tp_program` WHERE ( 1=1 AND code='xyxw' ) LIMIT 1   [ RunTime:0.000329s ]
SQL: SELECT `kname` FROM `tp_kind` WHERE ( 1=1 AND kid='7' ) LIMIT 1   [ RunTime:0.000318s ]
SQL: SELECT `pname` FROM `tp_program` WHERE ( 1=1 AND code='xyxw' ) LIMIT 1   [ RunTime:0.000283s ]
SQL: SELECT `kname` FROM `tp_kind` WHERE ( 1=1 AND kid='7' ) LIMIT 1   [ RunTime:0.000278s ]
SQL: SELECT `pname` FROM `tp_program` WHERE ( 1=1 AND code='xyxw' ) LIMIT 1   [ RunTime:0.000268s ]
SQL: SELECT `kname` FROM `tp_kind` WHERE ( 1=1 AND kid='7' ) LIMIT 1   [ RunTime:0.000202s ]
SQL: SELECT `pname` FROM `tp_program` WHERE ( 1=1 AND code='xyjj' ) LIMIT 1   [ RunTime:0.000285s ]
SQL: SELECT `kname` FROM `tp_kind` WHERE ( 1=1 AND kid='6' ) LIMIT 1   [ RunTime:0.000199s ]
SQL: SHOW COLUMNS FROM `tp_program` [ RunTime:0.007529s ]
SQL: SELECT `code`,`pname` FROM `tp_program` WHERE ( pparent = '0' )  [ RunTime:0.000283s ]
SQL: SELECT `code`,`pname` FROM `tp_program` WHERE ( pparent = 'dwjl' )  [ RunTime:0.000192s ]
SQL: SELECT `code`,`pname` FROM `tp_program` WHERE ( pparent = 'fwxx' )  [ RunTime:0.000197s ]
SQL: SELECT `code`,`pname` FROM `tp_program` WHERE ( pparent = 'kxyj' )  [ RunTime:0.000164s ]
SQL: SELECT `code`,`pname` FROM `tp_program` WHERE ( pparent = 'rcpy' )  [ RunTime:0.000153s ]
SQL: SELECT `code`,`pname` FROM `tp_program` WHERE ( pparent = 'szdw' )  [ RunTime:0.000158s ]
SQL: SELECT `code`,`pname` FROM `tp_program` WHERE ( pparent = 'xydt' )  [ RunTime:0.000151s ]
SQL: SELECT `code`,`pname` FROM `tp_program` WHERE ( pparent = 'xygk' )  [ RunTime:0.000147s ]
SQL: SELECT `code`,`pname` FROM `tp_program` WHERE ( pparent = 'xysh' )  [ RunTime:0.000155s ]
SQL: SELECT `code`,`pname` FROM `tp_program` WHERE ( pparent = 'xzzq' )  [ RunTime:0.000144s ]
NOTIC: [2] Invalid argument supplied for foreach() G:\wamp\www\xinxi\Admin\Lib\Action\CommonAction.class.php 第 24 行.
SQL: SELECT `code`,`pname` FROM `tp_program` WHERE ( pparent = 'zsjy' )  [ RunTime:0.000145s ]
INFO: [ view_template ] --START--
INFO: Run LocationTemplate Behavior [ RunTime:0.002164s ]
INFO: [ view_template ] --END-- [ RunTime:0.002338s ]
INFO: [ view_parse ] --START--
NOTIC: [8] Undefined variable: isRevise G:\wamp\www\xinxi\Admin\Runtime\Cache\829a8ccb0d67f642b9076a00d0538ef5.php 第 139 行.
NOTIC: [8] Undefined variable: par G:\wamp\www\xinxi\Admin\Runtime\Cache\829a8ccb0d67f642b9076a00d0538ef5.php 第 139 行.
NOTIC: [8] Undefined variable: sub G:\wamp\www\xinxi\Admin\Runtime\Cache\829a8ccb0d67f642b9076a00d0538ef5.php 第 139 行.
NOTIC: [8] Undefined variable: essay G:\wamp\www\xinxi\Admin\Runtime\Cache\829a8ccb0d67f642b9076a00d0538ef5.php 第 139 行.
INFO: Run ParseTemplate Behavior [ RunTime:0.018808s ]
INFO: [ view_parse ] --END-- [ RunTime:0.018960s ]
INFO: [ view_filter ] --START--
INFO: Run ContentReplace Behavior [ RunTime:0.001652s ]
INFO: Run TokenBuild Behavior [ RunTime:0.001186s ]
INFO: Run WriteHtmlCache Behavior [ RunTime:0.001199s ]
INFO: Run ShowRuntime Behavior [ RunTime:0.001460s ]
INFO: [ view_filter ] --END-- [ RunTime:0.005982s ]
INFO: [ view_end ] --START--
INFO: Run ShowPageTrace Behavior [ RunTime:0.001486s ]
INFO: [ view_end ] --END-- [ RunTime:0.001582s ]

[ 2014-09-27T14:36:05+08:00 ] 0.0.0.0 /xinxi/admin.php/Essay/updateEssay?eid=1
INFO: [ route_check ] --START--
INFO: Run CheckRoute Behavior [ RunTime:0.002189s ]
INFO: [ route_check ] --END-- [ RunTime:0.002382s ]
INFO: [ app_begin ] --START--
INFO: Run ReadHtmlCache Behavior [ RunTime:0.001903s ]
INFO: [ app_begin ] --END-- [ RunTime:0.002078s ]
SQL: SHOW COLUMNS FROM `tp_essay` [ RunTime:0.010129s ]
SQL: SELECT * FROM `tp_essay` WHERE ( `eid` = 1 ) LIMIT 1   [ RunTime:0.000466s ]
SQL: SHOW COLUMNS FROM `tp_program` [ RunTime:0.008238s ]
SQL: SELECT `code`,`pname` FROM `tp_program` WHERE ( pparent = '0' )  [ RunTime:0.000314s ]
SQL: SELECT `code`,`pname` FROM `tp_program` WHERE ( pparent = 'dwjl' )  [ RunTime:0.000263s ]
SQL: SELECT `code`,`pname` FROM `tp_program` WHERE ( pparent = 'fwxx' )  [ RunTime:0.000271s ]
SQL: SELECT `code`,`pname` FROM `tp_program` WHERE ( pparent = 'kxyj' )  [ RunTime:0.000303s ]
SQL: SELECT `code`,`pname` FROM `tp_program` WHERE ( pparent = 'rcpy' )  [ RunTime:0.000246s ]
SQL: SELECT `code`,`pname` FROM `tp_program` WHERE ( pparent = 'szdw' )  [ RunTime:0.000225s ]
SQL: SELECT `code`,`pname` FROM `tp_program` WHERE ( pparent = 'xydt' )  [ RunTime:0.000229s ]
SQL: SELECT `code`,`pname` FROM `tp_program` WHERE ( pparent = 'xygk' )  [ RunTime:0.000212s ]
SQL: SELECT `code`,`pname` FROM `tp_program` WHERE ( pparent = 'xysh' )  [ RunTime:0.000234s ]
SQL: SELECT `code`,`pname` FROM `tp_program` WHERE ( pparent = 'xzzq' )  [ RunTime:0.000283s ]
NOTIC: [2] Invalid argument supplied for foreach() G:\wamp\www\xinxi\Admin\Lib\Action\CommonAction.class.php 第 24 行.
SQL: SELECT `code`,`pname` FROM `tp_program` WHERE ( pparent = 'zsjy' )  [ RunTime:0.000240s ]
INFO: [ view_template ] --START--
INFO: Run LocationTemplate Behavior [ RunTime:0.001672s ]
INFO: [ view_template ] --END-- [ RunTime:0.001772s ]
INFO: [ view_parse ] --START--
NOTIC: [8] Undefined variable: isRevise G:\wamp\www\xinxi\Admin\Runtime\Cache\8cbe7edc6c8c47c46d778c6fd7864407.php 第 209 行.
NOTIC: [8] Undefined variable: par G:\wamp\www\xinxi\Admin\Runtime\Cache\8cbe7edc6c8c47c46d778c6fd7864407.php 第 209 行.
NOTIC: [8] Undefined variable: sub G:\wamp\www\xinxi\Admin\Runtime\Cache\8cbe7edc6c8c47c46d778c6fd7864407.php 第 209 行.
NOTIC: [8] Undefined variable: essay G:\wamp\www\xinxi\Admin\Runtime\Cache\8cbe7edc6c8c47c46d778c6fd7864407.php 第 209 行.
INFO: Run ParseTemplate Behavior [ RunTime:0.026772s ]
INFO: [ view_parse ] --END-- [ RunTime:0.026864s ]
INFO: [ view_filter ] --START--
INFO: Run ContentReplace Behavior [ RunTime:0.001214s ]
INFO: Run TokenBuild Behavior [ RunTime:0.001244s ]
INFO: Run WriteHtmlCache Behavior [ RunTime:0.001018s ]
INFO: Run ShowRuntime Behavior [ RunTime:0.000876s ]
INFO: [ view_filter ] --END-- [ RunTime:0.004618s ]
INFO: [ view_end ] --START--
INFO: Run ShowPageTrace Behavior [ RunTime:0.001192s ]
INFO: [ view_end ] --END-- [ RunTime:0.001284s ]

[ 2014-09-27T16:58:20+08:00 ] 0.0.0.0 /xinxi/admin.php/Login/login
INFO: [ route_check ] --START--
INFO: Run CheckRoute Behavior [ RunTime:0.002372s ]
INFO: [ route_check ] --END-- [ RunTime:0.002600s ]
INFO: [ app_begin ] --START--
INFO: Run ReadHtmlCache Behavior [ RunTime:0.001746s ]
INFO: [ app_begin ] --END-- [ RunTime:0.001913s ]
INFO: [ view_template ] --START--
INFO: Run LocationTemplate Behavior [ RunTime:0.011206s ]
INFO: [ view_template ] --END-- [ RunTime:0.011421s ]
INFO: [ view_parse ] --START--
INFO: Run ParseTemplate Behavior [ RunTime:0.029456s ]
INFO: [ view_parse ] --END-- [ RunTime:0.029676s ]
INFO: [ view_filter ] --START--
INFO: Run ContentReplace Behavior [ RunTime:0.001609s ]
INFO: Run TokenBuild Behavior [ RunTime:0.001513s ]
INFO: Run WriteHtmlCache Behavior [ RunTime:0.000969s ]
INFO: Run ShowRuntime Behavior [ RunTime:0.001144s ]
INFO: [ view_filter ] --END-- [ RunTime:0.005602s ]
INFO: [ view_end ] --START--
INFO: Run ShowPageTrace Behavior [ RunTime:0.001310s ]
INFO: [ view_end ] --END-- [ RunTime:0.001416s ]

[ 2014-09-27T16:58:27+08:00 ] 0.0.0.0 /xinxi/admin.php/Index/index
INFO: [ route_check ] --START--
INFO: Run CheckRoute Behavior [ RunTime:0.001291s ]
INFO: [ route_check ] --END-- [ RunTime:0.001408s ]
INFO: [ app_begin ] --START--
INFO: Run ReadHtmlCache Behavior [ RunTime:0.001149s ]
INFO: [ app_begin ] --END-- [ RunTime:0.001238s ]
INFO: [ view_template ] --START--
INFO: Run LocationTemplate Behavior [ RunTime:0.002156s ]
INFO: [ view_template ] --END-- [ RunTime:0.002280s ]
INFO: [ view_parse ] --START--
INFO: Run ParseTemplate Behavior [ RunTime:0.020763s ]
INFO: [ view_parse ] --END-- [ RunTime:0.020877s ]
INFO: [ view_filter ] --START--
INFO: Run ContentReplace Behavior [ RunTime:0.001122s ]
INFO: Run TokenBuild Behavior [ RunTime:0.001045s ]
INFO: Run WriteHtmlCache Behavior [ RunTime:0.000916s ]
INFO: Run ShowRuntime Behavior [ RunTime:0.001338s ]
INFO: [ view_filter ] --END-- [ RunTime:0.004704s ]
INFO: [ view_end ] --START--
INFO: Run ShowPageTrace Behavior [ RunTime:0.001815s ]
INFO: [ view_end ] --END-- [ RunTime:0.001947s ]

[ 2014-09-27T16:58:33+08:00 ] 0.0.0.0 /xinxi/admin.php/File/showFile
INFO: [ route_check ] --START--
INFO: Run CheckRoute Behavior [ RunTime:0.001424s ]
INFO: [ route_check ] --END-- [ RunTime:0.001549s ]
INFO: [ app_begin ] --START--
INFO: Run ReadHtmlCache Behavior [ RunTime:0.001337s ]
INFO: [ app_begin ] --END-- [ RunTime:0.001454s ]
SQL: SHOW COLUMNS FROM `tp_file` [ RunTime:0.007340s ]
SQL: SELECT COUNT(*) AS tp_count FROM `tp_file` LIMIT 1   [ RunTime:0.000380s ]
SQL: SELECT * FROM `tp_file` LIMIT 0,4   [ RunTime:0.000273s ]
INFO: [ view_template ] --START--
INFO: Run LocationTemplate Behavior [ RunTime:0.002215s ]
INFO: [ view_template ] --END-- [ RunTime:0.002344s ]
INFO: [ view_parse ] --START--
INFO: Run ParseTemplate Behavior [ RunTime:0.063604s ]
INFO: [ view_parse ] --END-- [ RunTime:0.063718s ]
INFO: [ view_filter ] --START--
INFO: Run ContentReplace Behavior [ RunTime:0.001507s ]
INFO: Run TokenBuild Behavior [ RunTime:0.001101s ]
INFO: Run WriteHtmlCache Behavior [ RunTime:0.001068s ]
INFO: Run ShowRuntime Behavior [ RunTime:0.001173s ]
INFO: [ view_filter ] --END-- [ RunTime:0.005162s ]
INFO: [ view_end ] --START--
INFO: Run ShowPageTrace Behavior [ RunTime:0.001299s ]
INFO: [ view_end ] --END-- [ RunTime:0.001394s ]

[ 2014-09-27T16:59:02+08:00 ] 0.0.0.0 /xinxi/admin.php/File/addFile
INFO: [ route_check ] --START--
INFO: Run CheckRoute Behavior [ RunTime:0.001388s ]
INFO: [ route_check ] --END-- [ RunTime:0.001545s ]
INFO: [ app_begin ] --START--
INFO: Run ReadHtmlCache Behavior [ RunTime:0.001689s ]
INFO: [ app_begin ] --END-- [ RunTime:0.001856s ]
SQL: SHOW COLUMNS FROM `tp_file` [ RunTime:0.032328s ]
SQL: INSERT INTO `tp_file` (`fdescribe`,`fname`,`fsize`,`fbuild`) VALUES ('	\r\n            这是一篇日记            ','2014年3月21日.doc',10752,'2014-09-27 16:59:01') [ RunTime:0.275676s ]
INFO: [ view_template ] --START--
INFO: Run LocationTemplate Behavior [ RunTime:0.002873s ]
INFO: [ view_template ] --END-- [ RunTime:0.003039s ]
INFO: [ view_parse ] --START--
INFO: Run ParseTemplate Behavior [ RunTime:0.045470s ]
INFO: [ view_parse ] --END-- [ RunTime:0.045647s ]
INFO: [ view_filter ] --START--
INFO: Run ContentReplace Behavior [ RunTime:0.001879s ]
INFO: Run TokenBuild Behavior [ RunTime:0.001837s ]
INFO: Run WriteHtmlCache Behavior [ RunTime:0.001666s ]
INFO: Run ShowRuntime Behavior [ RunTime:0.001977s ]
INFO: [ view_filter ] --END-- [ RunTime:0.007764s ]
INFO: [ view_end ] --START--
INFO: Run ShowPageTrace Behavior [ RunTime:0.002318s ]
INFO: [ view_end ] --END-- [ RunTime:0.002500s ]

[ 2014-09-27T16:59:03+08:00 ] 0.0.0.0 /xinxi/admin.php/File/showFile
INFO: [ route_check ] --START--
INFO: Run CheckRoute Behavior [ RunTime:0.000987s ]
INFO: [ route_check ] --END-- [ RunTime:0.001101s ]
INFO: [ app_begin ] --START--
INFO: Run ReadHtmlCache Behavior [ RunTime:0.001185s ]
INFO: [ app_begin ] --END-- [ RunTime:0.001287s ]
SQL: SHOW COLUMNS FROM `tp_file` [ RunTime:0.009652s ]
SQL: SELECT COUNT(*) AS tp_count FROM `tp_file` LIMIT 1   [ RunTime:0.000320s ]
SQL: SELECT * FROM `tp_file` LIMIT 0,4   [ RunTime:0.000280s ]
SQL: SHOW COLUMNS FROM `tp_admin` [ RunTime:0.007860s ]
NOTIC: [8] Undefined index: aid G:\wamp\www\xinxi\ThinkPHP\Extend\Model\RelationModel.class.php 第 161 行.
SQL: SELECT `aname` FROM `tp_admin` WHERE ( 1=1 AND aid='' ) LIMIT 1   [ RunTime:0.000284s ]
INFO: [ view_template ] --START--
INFO: Run LocationTemplate Behavior [ RunTime:0.001754s ]
INFO: [ view_template ] --END-- [ RunTime:0.001874s ]
INFO: [ view_parse ] --START--
NOTIC: [8] Undefined index: esize G:\wamp\www\xinxi\Admin\Runtime\Cache\6f36f323e26e30a97c56a3c60c016630.php 第 86 行.
INFO: Run ParseTemplate Behavior [ RunTime:0.017278s ]
INFO: [ view_parse ] --END-- [ RunTime:0.017386s ]
INFO: [ view_filter ] --START--
INFO: Run ContentReplace Behavior [ RunTime:0.001398s ]
INFO: Run TokenBuild Behavior [ RunTime:0.001623s ]
INFO: Run WriteHtmlCache Behavior [ RunTime:0.001536s ]
INFO: Run ShowRuntime Behavior [ RunTime:0.001940s ]
INFO: [ view_filter ] --END-- [ RunTime:0.007014s ]
INFO: [ view_end ] --START--
INFO: Run ShowPageTrace Behavior [ RunTime:0.002180s ]
INFO: [ view_end ] --END-- [ RunTime:0.002359s ]

