[ 2014-09-27T13:50:48+08:00 ] 0.0.0.0 /xinxi/
INFO: [ app_begin ] --START--
INFO: Run ReadHtmlCache Behavior [ RunTime:0.016676s ]
INFO: [ app_begin ] --END-- [ RunTime:0.016981s ]
SQL: SHOW COLUMNS FROM `tp_img` [ RunTime:0.336488s ]
SQL: SELECT * FROM `tp_img` ORDER BY idate desc LIMIT 5   [ RunTime:0.130024s ]
SQL: SHOW COLUMNS FROM `tp_essay` [ RunTime:0.053873s ]
NOTIC: [8] Undefined index: eid G:\wamp\www\xinxi\ThinkPHP\Extend\Model\RelationModel.class.php 第 161 行.
SQL: SELECT `etitle` FROM `tp_essay` WHERE ( 1=1 AND eid='' ) LIMIT 1   [ RunTime:0.076309s ]
NOTIC: [8] Undefined index: eid G:\wamp\www\xinxi\ThinkPHP\Extend\Model\RelationModel.class.php 第 161 行.
SQL: SELECT `etitle` FROM `tp_essay` WHERE ( 1=1 AND eid='' ) LIMIT 1   [ RunTime:0.000378s ]
NOTIC: [8] Undefined index: eid G:\wamp\www\xinxi\ThinkPHP\Extend\Model\RelationModel.class.php 第 161 行.
SQL: SELECT `etitle` FROM `tp_essay` WHERE ( 1=1 AND eid='' ) LIMIT 1   [ RunTime:0.000279s ]
NOTIC: [8] Undefined index: eid G:\wamp\www\xinxi\ThinkPHP\Extend\Model\RelationModel.class.php 第 161 行.
SQL: SELECT `etitle` FROM `tp_essay` WHERE ( 1=1 AND eid='' ) LIMIT 1   [ RunTime:0.000224s ]
SQL: SHOW COLUMNS FROM `tp_essay` [ RunTime:0.006384s ]
SQL: SELECT `eid`,`etitle`,`ebuild` FROM `tp_essay` WHERE ( `code`='xyxw' ) ORDER BY ebuild desc LIMIT 9   [ RunTime:0.005082s ]
SQL: SHOW COLUMNS FROM `tp_essay` [ RunTime:0.006765s ]
SQL: SELECT `eid`,`etitle`,`ebuild` FROM `tp_essay` WHERE ( `code`="tzgg" ) ORDER BY ebuild desc LIMIT 9   [ RunTime:0.000340s ]
NOTIC: [2] Invalid argument supplied for foreach() G:\wamp\www\xinxi\Home\Lib\Action\IndexAction.class.php 第 24 行.
INFO: [ view_template ] --START--
INFO: Run LocationTemplate Behavior [ RunTime:0.009721s ]
INFO: [ view_template ] --END-- [ RunTime:0.009841s ]
INFO: [ view_parse ] --START--
INFO: Run ParseTemplate Behavior [ RunTime:0.070452s ]
INFO: [ view_parse ] --END-- [ RunTime:0.070669s ]
INFO: [ view_filter ] --START--
INFO: Run ContentReplace Behavior [ RunTime:0.016879s ]
INFO: Run TokenBuild Behavior [ RunTime:0.005188s ]
INFO: Run WriteHtmlCache Behavior [ RunTime:0.004936s ]
INFO: Run ShowRuntime Behavior [ RunTime:0.004101s ]
INFO: [ view_filter ] --END-- [ RunTime:0.031837s ]
INFO: [ view_end ] --START--
INFO: Run ShowPageTrace Behavior [ RunTime:0.004245s ]
INFO: [ view_end ] --END-- [ RunTime:0.004511s ]

[ 2014-09-27T13:52:42+08:00 ] 0.0.0.0 /xinxi/
INFO: [ app_begin ] --START--
INFO: Run ReadHtmlCache Behavior [ RunTime:0.002042s ]
INFO: [ app_begin ] --END-- [ RunTime:0.002186s ]
SQL: SHOW COLUMNS FROM `tp_img` [ RunTime:0.014667s ]
SQL: SELECT * FROM `tp_img` ORDER BY idate desc LIMIT 5   [ RunTime:0.000410s ]
SQL: SHOW COLUMNS FROM `tp_essay` [ RunTime:0.012966s ]
NOTIC: [8] Undefined index: eid G:\wamp\www\xinxi\ThinkPHP\Extend\Model\RelationModel.class.php 第 161 行.
SQL: SELECT `etitle` FROM `tp_essay` WHERE ( 1=1 AND eid='' ) LIMIT 1   [ RunTime:0.001236s ]
NOTIC: [8] Undefined index: eid G:\wamp\www\xinxi\ThinkPHP\Extend\Model\RelationModel.class.php 第 161 行.
SQL: SELECT `etitle` FROM `tp_essay` WHERE ( 1=1 AND eid='' ) LIMIT 1   [ RunTime:0.000736s ]
NOTIC: [8] Undefined index: eid G:\wamp\www\xinxi\ThinkPHP\Extend\Model\RelationModel.class.php 第 161 行.
SQL: SELECT `etitle` FROM `tp_essay` WHERE ( 1=1 AND eid='' ) LIMIT 1   [ RunTime:0.000718s ]
NOTIC: [8] Undefined index: eid G:\wamp\www\xinxi\ThinkPHP\Extend\Model\RelationModel.class.php 第 161 行.
SQL: SELECT `etitle` FROM `tp_essay` WHERE ( 1=1 AND eid='' ) LIMIT 1   [ RunTime:0.000853s ]
SQL: SHOW COLUMNS FROM `tp_essay` [ RunTime:0.016928s ]
SQL: SELECT `eid`,`etitle`,`ebuild` FROM `tp_essay` WHERE ( `code`='xyxw' ) ORDER BY ebuild desc LIMIT 9   [ RunTime:0.000953s ]
SQL: SHOW COLUMNS FROM `tp_essay` [ RunTime:0.015953s ]
SQL: SELECT `eid`,`etitle`,`ebuild` FROM `tp_essay` WHERE ( `code`="tzgg" ) ORDER BY ebuild desc LIMIT 9   [ RunTime:0.000449s ]
NOTIC: [2] Invalid argument supplied for foreach() G:\wamp\www\xinxi\Home\Lib\Action\IndexAction.class.php 第 24 行.
INFO: [ view_template ] --START--
INFO: Run LocationTemplate Behavior [ RunTime:0.004767s ]
INFO: [ view_template ] --END-- [ RunTime:0.004966s ]
INFO: [ view_parse ] --START--
INFO: Run ParseTemplate Behavior [ RunTime:0.049249s ]
INFO: [ view_parse ] --END-- [ RunTime:0.049447s ]
INFO: [ view_filter ] --START--
INFO: Run ContentReplace Behavior [ RunTime:0.006338s ]
INFO: Run TokenBuild Behavior [ RunTime:0.002580s ]
INFO: Run WriteHtmlCache Behavior [ RunTime:0.005626s ]
INFO: Run ShowRuntime Behavior [ RunTime:0.003472s ]
INFO: [ view_filter ] --END-- [ RunTime:0.018769s ]
INFO: [ view_end ] --START--
INFO: Run ShowPageTrace Behavior [ RunTime:0.004831s ]
INFO: [ view_end ] --END-- [ RunTime:0.005327s ]

[ 2014-09-27T13:54:07+08:00 ] 0.0.0.0 /xinxi/index.php/Index/content/e/4
INFO: [ route_check ] --START--
INFO: Run CheckRoute Behavior [ RunTime:0.048032s ]
INFO: [ route_check ] --END-- [ RunTime:0.048193s ]
INFO: [ app_begin ] --START--
INFO: Run ReadHtmlCache Behavior [ RunTime:0.001499s ]
INFO: [ app_begin ] --END-- [ RunTime:0.001601s ]
SQL: SHOW COLUMNS FROM `tp_essay` [ RunTime:0.008541s ]
SQL: UPDATE `tp_essay` SET `etimes`=etimes+1 WHERE ( eid = 4 ) [ RunTime:1.033880s ]
SQL: SELECT `eid`,`etitle`,`efrom`,`code`,`edetail`,`etimes`,`ebuild` FROM `tp_essay` WHERE ( eid = 4 ) LIMIT 1   [ RunTime:0.036040s ]
SQL: SHOW COLUMNS FROM `tp_program` [ RunTime:0.055577s ]
SQL: SELECT * FROM `tp_program` WHERE ( code = 'xyxw' ) LIMIT 1   [ RunTime:0.051578s ]
SQL: SELECT * FROM `tp_program` WHERE ( code = 'xydt' ) LIMIT 1   [ RunTime:0.000341s ]
SQL: SELECT * FROM `tp_program` WHERE ( pparent = 'xydt' ) ORDER BY pprior  [ RunTime:0.000878s ]
NOTIC: [2] Illegal string offset 'code' G:\wamp\www\xinxi\Home\Lib\Action\IndexAction.class.php 第 133 行.
NOTIC: [2] Illegal string offset 'code' G:\wamp\www\xinxi\Home\Lib\Action\IndexAction.class.php 第 133 行.
NOTIC: [2] Illegal string offset 'code' G:\wamp\www\xinxi\Home\Lib\Action\IndexAction.class.php 第 133 行.
NOTIC: [2] Illegal string offset 'code' G:\wamp\www\xinxi\Home\Lib\Action\IndexAction.class.php 第 133 行.
NOTIC: [2] Illegal string offset 'code' G:\wamp\www\xinxi\Home\Lib\Action\IndexAction.class.php 第 133 行.
NOTIC: [2] Illegal string offset 'code' G:\wamp\www\xinxi\Home\Lib\Action\IndexAction.class.php 第 133 行.
NOTIC: [2] Illegal string offset 'code' G:\wamp\www\xinxi\Home\Lib\Action\IndexAction.class.php 第 133 行.
NOTIC: [2] Illegal string offset 'code' G:\wamp\www\xinxi\Home\Lib\Action\IndexAction.class.php 第 133 行.
NOTIC: [2] Illegal string offset 'code' G:\wamp\www\xinxi\Home\Lib\Action\IndexAction.class.php 第 133 行.
NOTIC: [8] Uninitialized string offset: 0 G:\wamp\www\xinxi\Home\Lib\Action\IndexAction.class.php 第 133 行.
INFO: [ view_template ] --START--
INFO: Run LocationTemplate Behavior [ RunTime:0.002471s ]
INFO: [ view_template ] --END-- [ RunTime:0.002600s ]
INFO: [ view_parse ] --START--
NOTIC: [8] Undefined variable: page G:\wamp\www\xinxi\Home\Runtime\Cache\9a8c959e4fafb33520d135789110e7d7.php 第 126 行.
INFO: Run ParseTemplate Behavior [ RunTime:0.081736s ]
INFO: [ view_parse ] --END-- [ RunTime:0.082061s ]
INFO: [ view_filter ] --START--
INFO: Run ContentReplace Behavior [ RunTime:0.002043s ]
INFO: Run TokenBuild Behavior [ RunTime:0.002593s ]
INFO: Run WriteHtmlCache Behavior [ RunTime:0.002175s ]
INFO: Run ShowRuntime Behavior [ RunTime:0.002257s ]
INFO: [ view_filter ] --END-- [ RunTime:0.010234s ]
INFO: [ view_end ] --START--
INFO: Run ShowPageTrace Behavior [ RunTime:0.003484s ]
INFO: [ view_end ] --END-- [ RunTime:0.003666s ]

[ 2014-09-27T14:03:12+08:00 ] 0.0.0.0 /xinxi/index.php/Xydt/tzgg
INFO: [ route_check ] --START--
INFO: Run CheckRoute Behavior [ RunTime:0.009451s ]
INFO: [ route_check ] --END-- [ RunTime:0.009596s ]
INFO: [ app_begin ] --START--
INFO: Run ReadHtmlCache Behavior [ RunTime:0.001625s ]
INFO: [ app_begin ] --END-- [ RunTime:0.001732s ]
SQL: SHOW COLUMNS FROM `tp_program` [ RunTime:0.014719s ]
SQL: SELECT * FROM `tp_program` WHERE ( code='tzgg' ) LIMIT 1   [ RunTime:0.000655s ]
SQL: SELECT * FROM `tp_program` WHERE ( code = 'xydt' ) LIMIT 1   [ RunTime:0.000748s ]
SQL: SELECT * FROM `tp_program` WHERE ( pparent = 'xydt' ) ORDER BY pprior  [ RunTime:0.001260s ]
NOTIC: [2] Illegal string offset 'code' G:\wamp\www\xinxi\Home\Lib\Action\IndexAction.class.php 第 93 行.
NOTIC: [2] Illegal string offset 'code' G:\wamp\www\xinxi\Home\Lib\Action\IndexAction.class.php 第 93 行.
NOTIC: [2] Illegal string offset 'code' G:\wamp\www\xinxi\Home\Lib\Action\IndexAction.class.php 第 93 行.
NOTIC: [2] Illegal string offset 'code' G:\wamp\www\xinxi\Home\Lib\Action\IndexAction.class.php 第 93 行.
NOTIC: [2] Illegal string offset 'code' G:\wamp\www\xinxi\Home\Lib\Action\IndexAction.class.php 第 93 行.
NOTIC: [2] Illegal string offset 'code' G:\wamp\www\xinxi\Home\Lib\Action\IndexAction.class.php 第 93 行.
NOTIC: [2] Illegal string offset 'code' G:\wamp\www\xinxi\Home\Lib\Action\IndexAction.class.php 第 93 行.
NOTIC: [2] Illegal string offset 'code' G:\wamp\www\xinxi\Home\Lib\Action\IndexAction.class.php 第 93 行.
NOTIC: [2] Illegal string offset 'code' G:\wamp\www\xinxi\Home\Lib\Action\IndexAction.class.php 第 93 行.
NOTIC: [8] Uninitialized string offset: 0 G:\wamp\www\xinxi\Home\Lib\Action\IndexAction.class.php 第 93 行.
SQL: SHOW COLUMNS FROM `tp_essay` [ RunTime:0.008838s ]
SQL: SELECT COUNT(*) AS tp_count FROM `tp_essay` WHERE ( code='tzgg' ) LIMIT 1   [ RunTime:0.000783s ]
SQL: SELECT `eid`,`etitle`,`ebuild` FROM `tp_essay` WHERE ( code = 'tzgg' ) ORDER BY ebuild desc LIMIT 0,20   [ RunTime:0.000812s ]
INFO: [ view_template ] --START--
INFO: Run LocationTemplate Behavior [ RunTime:0.009865s ]
INFO: [ view_template ] --END-- [ RunTime:0.010321s ]
INFO: [ view_parse ] --START--
INFO: Run ParseTemplate Behavior [ RunTime:0.086555s ]
INFO: [ view_parse ] --END-- [ RunTime:0.086849s ]
INFO: [ view_filter ] --START--
INFO: Run ContentReplace Behavior [ RunTime:0.001547s ]
INFO: Run TokenBuild Behavior [ RunTime:0.002253s ]
INFO: Run WriteHtmlCache Behavior [ RunTime:0.002486s ]
INFO: Run ShowRuntime Behavior [ RunTime:0.002580s ]
INFO: [ view_filter ] --END-- [ RunTime:0.009262s ]
INFO: [ view_end ] --START--
INFO: Run ShowPageTrace Behavior [ RunTime:0.003091s ]
INFO: [ view_end ] --END-- [ RunTime:0.003275s ]

[ 2014-09-27T14:03:19+08:00 ] 0.0.0.0 /xinxi/index.php/Xydt/tzgg
INFO: [ route_check ] --START--
INFO: Run CheckRoute Behavior [ RunTime:0.001879s ]
INFO: [ route_check ] --END-- [ RunTime:0.002044s ]
INFO: [ app_begin ] --START--
INFO: Run ReadHtmlCache Behavior [ RunTime:0.001413s ]
INFO: [ app_begin ] --END-- [ RunTime:0.001565s ]
SQL: SHOW COLUMNS FROM `tp_program` [ RunTime:0.008671s ]
SQL: SELECT * FROM `tp_program` WHERE ( code='tzgg' ) LIMIT 1   [ RunTime:0.000405s ]
SQL: SELECT * FROM `tp_program` WHERE ( code = 'xydt' ) LIMIT 1   [ RunTime:0.000295s ]
SQL: SELECT * FROM `tp_program` WHERE ( pparent = 'xydt' ) ORDER BY pprior  [ RunTime:0.024196s ]
NOTIC: [2] Illegal string offset 'code' G:\wamp\www\xinxi\Home\Lib\Action\IndexAction.class.php 第 93 行.
NOTIC: [2] Illegal string offset 'code' G:\wamp\www\xinxi\Home\Lib\Action\IndexAction.class.php 第 93 行.
NOTIC: [2] Illegal string offset 'code' G:\wamp\www\xinxi\Home\Lib\Action\IndexAction.class.php 第 93 行.
NOTIC: [2] Illegal string offset 'code' G:\wamp\www\xinxi\Home\Lib\Action\IndexAction.class.php 第 93 行.
NOTIC: [2] Illegal string offset 'code' G:\wamp\www\xinxi\Home\Lib\Action\IndexAction.class.php 第 93 行.
NOTIC: [2] Illegal string offset 'code' G:\wamp\www\xinxi\Home\Lib\Action\IndexAction.class.php 第 93 行.
NOTIC: [2] Illegal string offset 'code' G:\wamp\www\xinxi\Home\Lib\Action\IndexAction.class.php 第 93 行.
NOTIC: [2] Illegal string offset 'code' G:\wamp\www\xinxi\Home\Lib\Action\IndexAction.class.php 第 93 行.
NOTIC: [2] Illegal string offset 'code' G:\wamp\www\xinxi\Home\Lib\Action\IndexAction.class.php 第 93 行.
NOTIC: [8] Uninitialized string offset: 0 G:\wamp\www\xinxi\Home\Lib\Action\IndexAction.class.php 第 93 行.
SQL: SHOW COLUMNS FROM `tp_essay` [ RunTime:0.007197s ]
SQL: SELECT COUNT(*) AS tp_count FROM `tp_essay` WHERE ( code='tzgg' ) LIMIT 1   [ RunTime:0.000309s ]
SQL: SELECT `eid`,`etitle`,`ebuild` FROM `tp_essay` WHERE ( code = 'tzgg' ) ORDER BY ebuild desc LIMIT 0,20   [ RunTime:0.000212s ]
INFO: [ view_template ] --START--
INFO: Run LocationTemplate Behavior [ RunTime:0.002152s ]
INFO: [ view_template ] --END-- [ RunTime:0.002252s ]
INFO: [ view_parse ] --START--
INFO: Run ParseTemplate Behavior [ RunTime:0.020135s ]
INFO: [ view_parse ] --END-- [ RunTime:0.020257s ]
INFO: [ view_filter ] --START--
INFO: Run ContentReplace Behavior [ RunTime:0.001597s ]
INFO: Run TokenBuild Behavior [ RunTime:0.001054s ]
INFO: Run WriteHtmlCache Behavior [ RunTime:0.000889s ]
INFO: Run ShowRuntime Behavior [ RunTime:0.001073s ]
INFO: [ view_filter ] --END-- [ RunTime:0.004896s ]
INFO: [ view_end ] --START--
INFO: Run ShowPageTrace Behavior [ RunTime:0.001148s ]
INFO: [ view_end ] --END-- [ RunTime:0.001244s ]

[ 2014-09-27T14:03:29+08:00 ] 0.0.0.0 /xinxi/index.php/Index/index
INFO: [ route_check ] --START--
INFO: Run CheckRoute Behavior [ RunTime:0.002135s ]
INFO: [ route_check ] --END-- [ RunTime:0.002252s ]
INFO: [ app_begin ] --START--
INFO: Run ReadHtmlCache Behavior [ RunTime:0.002003s ]
INFO: [ app_begin ] --END-- [ RunTime:0.002106s ]
SQL: SHOW COLUMNS FROM `tp_img` [ RunTime:0.011307s ]
SQL: SELECT * FROM `tp_img` ORDER BY idate desc LIMIT 5   [ RunTime:0.000657s ]
SQL: SHOW COLUMNS FROM `tp_essay` [ RunTime:0.007729s ]
NOTIC: [8] Undefined index: eid G:\wamp\www\xinxi\ThinkPHP\Extend\Model\RelationModel.class.php 第 161 行.
SQL: SELECT `etitle` FROM `tp_essay` WHERE ( 1=1 AND eid='' ) LIMIT 1   [ RunTime:0.000305s ]
NOTIC: [8] Undefined index: eid G:\wamp\www\xinxi\ThinkPHP\Extend\Model\RelationModel.class.php 第 161 行.
SQL: SELECT `etitle` FROM `tp_essay` WHERE ( 1=1 AND eid='' ) LIMIT 1   [ RunTime:0.000196s ]
NOTIC: [8] Undefined index: eid G:\wamp\www\xinxi\ThinkPHP\Extend\Model\RelationModel.class.php 第 161 行.
SQL: SELECT `etitle` FROM `tp_essay` WHERE ( 1=1 AND eid='' ) LIMIT 1   [ RunTime:0.000195s ]
NOTIC: [8] Undefined index: eid G:\wamp\www\xinxi\ThinkPHP\Extend\Model\RelationModel.class.php 第 161 行.
SQL: SELECT `etitle` FROM `tp_essay` WHERE ( 1=1 AND eid='' ) LIMIT 1   [ RunTime:0.000194s ]
SQL: SHOW COLUMNS FROM `tp_essay` [ RunTime:0.007222s ]
SQL: SELECT `eid`,`etitle`,`ebuild` FROM `tp_essay` WHERE ( `code`='xyxw' ) ORDER BY ebuild desc LIMIT 9   [ RunTime:0.000364s ]
SQL: SHOW COLUMNS FROM `tp_essay` [ RunTime:0.020051s ]
SQL: SELECT `eid`,`etitle`,`ebuild` FROM `tp_essay` WHERE ( `code`="tzgg" ) ORDER BY ebuild desc LIMIT 9   [ RunTime:0.000349s ]
NOTIC: [2] Invalid argument supplied for foreach() G:\wamp\www\xinxi\Home\Lib\Action\IndexAction.class.php 第 24 行.
INFO: [ view_template ] --START--
INFO: Run LocationTemplate Behavior [ RunTime:0.002291s ]
INFO: [ view_template ] --END-- [ RunTime:0.002389s ]
INFO: [ view_parse ] --START--
INFO: Run ParseTemplate Behavior [ RunTime:0.031809s ]
INFO: [ view_parse ] --END-- [ RunTime:0.031936s ]
INFO: [ view_filter ] --START--
INFO: Run ContentReplace Behavior [ RunTime:0.001446s ]
INFO: Run TokenBuild Behavior [ RunTime:0.001440s ]
INFO: Run WriteHtmlCache Behavior [ RunTime:0.001271s ]
INFO: Run ShowRuntime Behavior [ RunTime:0.001406s ]
INFO: [ view_filter ] --END-- [ RunTime:0.005803s ]
INFO: [ view_end ] --START--
INFO: Run ShowPageTrace Behavior [ RunTime:0.001491s ]
INFO: [ view_end ] --END-- [ RunTime:0.001574s ]

[ 2014-09-27T14:36:20+08:00 ] 0.0.0.0 /xinxi/index.php/Index/index
INFO: [ route_check ] --START--
INFO: Run CheckRoute Behavior [ RunTime:0.002653s ]
INFO: [ route_check ] --END-- [ RunTime:0.002846s ]
INFO: [ app_begin ] --START--
INFO: Run ReadHtmlCache Behavior [ RunTime:0.001891s ]
INFO: [ app_begin ] --END-- [ RunTime:0.002064s ]
SQL: SHOW COLUMNS FROM `tp_img` [ RunTime:0.007618s ]
SQL: SELECT * FROM `tp_img` ORDER BY idate desc LIMIT 5   [ RunTime:0.000429s ]
SQL: SHOW COLUMNS FROM `tp_essay` [ RunTime:0.010909s ]
NOTIC: [8] Undefined index: eid G:\wamp\www\xinxi\ThinkPHP\Extend\Model\RelationModel.class.php 第 161 行.
SQL: SELECT `etitle` FROM `tp_essay` WHERE ( 1=1 AND eid='' ) LIMIT 1   [ RunTime:0.000303s ]
NOTIC: [8] Undefined index: eid G:\wamp\www\xinxi\ThinkPHP\Extend\Model\RelationModel.class.php 第 161 行.
SQL: SELECT `etitle` FROM `tp_essay` WHERE ( 1=1 AND eid='' ) LIMIT 1   [ RunTime:0.000187s ]
NOTIC: [8] Undefined index: eid G:\wamp\www\xinxi\ThinkPHP\Extend\Model\RelationModel.class.php 第 161 行.
SQL: SELECT `etitle` FROM `tp_essay` WHERE ( 1=1 AND eid='' ) LIMIT 1   [ RunTime:0.000180s ]
NOTIC: [8] Undefined index: eid G:\wamp\www\xinxi\ThinkPHP\Extend\Model\RelationModel.class.php 第 161 行.
SQL: SELECT `etitle` FROM `tp_essay` WHERE ( 1=1 AND eid='' ) LIMIT 1   [ RunTime:0.000173s ]
SQL: SHOW COLUMNS FROM `tp_essay` [ RunTime:0.007956s ]
SQL: SELECT `eid`,`etitle`,`ebuild` FROM `tp_essay` WHERE ( `code`='xyxw' ) ORDER BY ebuild desc LIMIT 9   [ RunTime:0.000347s ]
SQL: SHOW COLUMNS FROM `tp_essay` [ RunTime:0.009293s ]
SQL: SELECT `eid`,`etitle`,`ebuild` FROM `tp_essay` WHERE ( `code`="tzgg" ) ORDER BY ebuild desc LIMIT 9   [ RunTime:0.000313s ]
NOTIC: [2] Invalid argument supplied for foreach() G:\wamp\www\xinxi\Home\Lib\Action\IndexAction.class.php 第 24 行.
INFO: [ view_template ] --START--
INFO: Run LocationTemplate Behavior [ RunTime:0.002166s ]
INFO: [ view_template ] --END-- [ RunTime:0.002295s ]
INFO: [ view_parse ] --START--
INFO: Run ParseTemplate Behavior [ RunTime:0.020112s ]
INFO: [ view_parse ] --END-- [ RunTime:0.020241s ]
INFO: [ view_filter ] --START--
INFO: Run ContentReplace Behavior [ RunTime:0.001323s ]
INFO: Run TokenBuild Behavior [ RunTime:0.001412s ]
INFO: Run WriteHtmlCache Behavior [ RunTime:0.001331s ]
INFO: Run ShowRuntime Behavior [ RunTime:0.001117s ]
INFO: [ view_filter ] --END-- [ RunTime:0.005529s ]
INFO: [ view_end ] --START--
INFO: Run ShowPageTrace Behavior [ RunTime:0.003561s ]
INFO: [ view_end ] --END-- [ RunTime:0.003722s ]

[ 2014-09-27T14:36:25+08:00 ] 0.0.0.0 /xinxi/index.php/Xydt/xyxw
INFO: [ route_check ] --START--
INFO: Run CheckRoute Behavior [ RunTime:0.001621s ]
INFO: [ route_check ] --END-- [ RunTime:0.001789s ]
INFO: [ app_begin ] --START--
INFO: Run ReadHtmlCache Behavior [ RunTime:0.001778s ]
INFO: [ app_begin ] --END-- [ RunTime:0.001978s ]
SQL: SHOW COLUMNS FROM `tp_program` [ RunTime:0.008162s ]
SQL: SELECT * FROM `tp_program` WHERE ( code='xyxw' ) LIMIT 1   [ RunTime:0.000356s ]
SQL: SELECT * FROM `tp_program` WHERE ( code = 'xydt' ) LIMIT 1   [ RunTime:0.000220s ]
SQL: SELECT * FROM `tp_program` WHERE ( pparent = 'xydt' ) ORDER BY pprior  [ RunTime:0.000367s ]
NOTIC: [2] Illegal string offset 'code' G:\wamp\www\xinxi\Home\Lib\Action\IndexAction.class.php 第 93 行.
NOTIC: [2] Illegal string offset 'code' G:\wamp\www\xinxi\Home\Lib\Action\IndexAction.class.php 第 93 行.
NOTIC: [2] Illegal string offset 'code' G:\wamp\www\xinxi\Home\Lib\Action\IndexAction.class.php 第 93 行.
NOTIC: [2] Illegal string offset 'code' G:\wamp\www\xinxi\Home\Lib\Action\IndexAction.class.php 第 93 行.
NOTIC: [2] Illegal string offset 'code' G:\wamp\www\xinxi\Home\Lib\Action\IndexAction.class.php 第 93 行.
NOTIC: [2] Illegal string offset 'code' G:\wamp\www\xinxi\Home\Lib\Action\IndexAction.class.php 第 93 行.
NOTIC: [2] Illegal string offset 'code' G:\wamp\www\xinxi\Home\Lib\Action\IndexAction.class.php 第 93 行.
NOTIC: [2] Illegal string offset 'code' G:\wamp\www\xinxi\Home\Lib\Action\IndexAction.class.php 第 93 行.
NOTIC: [2] Illegal string offset 'code' G:\wamp\www\xinxi\Home\Lib\Action\IndexAction.class.php 第 93 行.
NOTIC: [8] Uninitialized string offset: 0 G:\wamp\www\xinxi\Home\Lib\Action\IndexAction.class.php 第 93 行.
SQL: SHOW COLUMNS FROM `tp_essay` [ RunTime:0.008160s ]
SQL: SELECT COUNT(*) AS tp_count FROM `tp_essay` WHERE ( code='xyxw' ) LIMIT 1   [ RunTime:0.000356s ]
SQL: SELECT `eid`,`etitle`,`ebuild` FROM `tp_essay` WHERE ( code = 'xyxw' ) ORDER BY ebuild desc LIMIT 0,20   [ RunTime:0.000307s ]
INFO: [ view_template ] --START--
INFO: Run LocationTemplate Behavior [ RunTime:0.002155s ]
INFO: [ view_template ] --END-- [ RunTime:0.002250s ]
INFO: [ view_parse ] --START--
INFO: Run ParseTemplate Behavior [ RunTime:0.018831s ]
INFO: [ view_parse ] --END-- [ RunTime:0.018941s ]
INFO: [ view_filter ] --START--
INFO: Run ContentReplace Behavior [ RunTime:0.001217s ]
INFO: Run TokenBuild Behavior [ RunTime:0.001161s ]
INFO: Run WriteHtmlCache Behavior [ RunTime:0.000940s ]
INFO: Run ShowRuntime Behavior [ RunTime:0.001120s ]
INFO: [ view_filter ] --END-- [ RunTime:0.004717s ]
INFO: [ view_end ] --START--
INFO: Run ShowPageTrace Behavior [ RunTime:0.001272s ]
INFO: [ view_end ] --END-- [ RunTime:0.001364s ]

[ 2014-09-27T14:36:30+08:00 ] 0.0.0.0 /xinxi/index.php/Xydt/xyzt
INFO: [ route_check ] --START--
INFO: Run CheckRoute Behavior [ RunTime:0.001925s ]
INFO: [ route_check ] --END-- [ RunTime:0.002124s ]
INFO: [ app_begin ] --START--
INFO: Run ReadHtmlCache Behavior [ RunTime:0.001774s ]
INFO: [ app_begin ] --END-- [ RunTime:0.001942s ]
SQL: SHOW COLUMNS FROM `tp_program` [ RunTime:0.008561s ]
SQL: SELECT * FROM `tp_program` WHERE ( code='xyzt' ) LIMIT 1   [ RunTime:0.000330s ]
SQL: SELECT * FROM `tp_program` WHERE ( code = 'xydt' ) LIMIT 1   [ RunTime:0.000288s ]
SQL: SELECT * FROM `tp_program` WHERE ( pparent = 'xydt' ) ORDER BY pprior  [ RunTime:0.000506s ]
NOTIC: [2] Illegal string offset 'code' G:\wamp\www\xinxi\Home\Lib\Action\IndexAction.class.php 第 93 行.
NOTIC: [2] Illegal string offset 'code' G:\wamp\www\xinxi\Home\Lib\Action\IndexAction.class.php 第 93 行.
NOTIC: [2] Illegal string offset 'code' G:\wamp\www\xinxi\Home\Lib\Action\IndexAction.class.php 第 93 行.
NOTIC: [2] Illegal string offset 'code' G:\wamp\www\xinxi\Home\Lib\Action\IndexAction.class.php 第 93 行.
NOTIC: [2] Illegal string offset 'code' G:\wamp\www\xinxi\Home\Lib\Action\IndexAction.class.php 第 93 行.
NOTIC: [2] Illegal string offset 'code' G:\wamp\www\xinxi\Home\Lib\Action\IndexAction.class.php 第 93 行.
NOTIC: [2] Illegal string offset 'code' G:\wamp\www\xinxi\Home\Lib\Action\IndexAction.class.php 第 93 行.
NOTIC: [2] Illegal string offset 'code' G:\wamp\www\xinxi\Home\Lib\Action\IndexAction.class.php 第 93 行.
NOTIC: [2] Illegal string offset 'code' G:\wamp\www\xinxi\Home\Lib\Action\IndexAction.class.php 第 93 行.
NOTIC: [8] Uninitialized string offset: 0 G:\wamp\www\xinxi\Home\Lib\Action\IndexAction.class.php 第 93 行.
SQL: SHOW COLUMNS FROM `tp_essay` [ RunTime:0.009921s ]
SQL: SELECT COUNT(*) AS tp_count FROM `tp_essay` WHERE ( code='xyzt' ) LIMIT 1   [ RunTime:0.000369s ]
SQL: SELECT `eid`,`etitle`,`ebuild` FROM `tp_essay` WHERE ( code = 'xyzt' ) ORDER BY ebuild desc LIMIT 0,20   [ RunTime:0.000251s ]
INFO: [ view_template ] --START--
INFO: Run LocationTemplate Behavior [ RunTime:0.002227s ]
INFO: [ view_template ] --END-- [ RunTime:0.002342s ]
INFO: [ view_parse ] --START--
INFO: Run ParseTemplate Behavior [ RunTime:0.037406s ]
INFO: [ view_parse ] --END-- [ RunTime:0.037513s ]
INFO: [ view_filter ] --START--
INFO: Run ContentReplace Behavior [ RunTime:0.001179s ]
INFO: Run TokenBuild Behavior [ RunTime:0.001400s ]
INFO: Run WriteHtmlCache Behavior [ RunTime:0.001430s ]
INFO: Run ShowRuntime Behavior [ RunTime:0.001250s ]
INFO: [ view_filter ] --END-- [ RunTime:0.005556s ]
INFO: [ view_end ] --START--
INFO: Run ShowPageTrace Behavior [ RunTime:0.001227s ]
INFO: [ view_end ] --END-- [ RunTime:0.001309s ]

[ 2014-09-27T14:36:31+08:00 ] 0.0.0.0 /xinxi/index.php/Xydt/xyxw
INFO: [ route_check ] --START--
INFO: Run CheckRoute Behavior [ RunTime:0.002661s ]
INFO: [ route_check ] --END-- [ RunTime:0.002979s ]
INFO: [ app_begin ] --START--
INFO: Run ReadHtmlCache Behavior [ RunTime:0.002134s ]
INFO: [ app_begin ] --END-- [ RunTime:0.002314s ]
SQL: SHOW COLUMNS FROM `tp_program` [ RunTime:0.007659s ]
SQL: SELECT * FROM `tp_program` WHERE ( code='xyxw' ) LIMIT 1   [ RunTime:0.000330s ]
SQL: SELECT * FROM `tp_program` WHERE ( code = 'xydt' ) LIMIT 1   [ RunTime:0.000212s ]
SQL: SELECT * FROM `tp_program` WHERE ( pparent = 'xydt' ) ORDER BY pprior  [ RunTime:0.000418s ]
NOTIC: [2] Illegal string offset 'code' G:\wamp\www\xinxi\Home\Lib\Action\IndexAction.class.php 第 93 行.
NOTIC: [2] Illegal string offset 'code' G:\wamp\www\xinxi\Home\Lib\Action\IndexAction.class.php 第 93 行.
NOTIC: [2] Illegal string offset 'code' G:\wamp\www\xinxi\Home\Lib\Action\IndexAction.class.php 第 93 行.
NOTIC: [2] Illegal string offset 'code' G:\wamp\www\xinxi\Home\Lib\Action\IndexAction.class.php 第 93 行.
NOTIC: [2] Illegal string offset 'code' G:\wamp\www\xinxi\Home\Lib\Action\IndexAction.class.php 第 93 行.
NOTIC: [2] Illegal string offset 'code' G:\wamp\www\xinxi\Home\Lib\Action\IndexAction.class.php 第 93 行.
NOTIC: [2] Illegal string offset 'code' G:\wamp\www\xinxi\Home\Lib\Action\IndexAction.class.php 第 93 行.
NOTIC: [2] Illegal string offset 'code' G:\wamp\www\xinxi\Home\Lib\Action\IndexAction.class.php 第 93 行.
NOTIC: [2] Illegal string offset 'code' G:\wamp\www\xinxi\Home\Lib\Action\IndexAction.class.php 第 93 行.
NOTIC: [8] Uninitialized string offset: 0 G:\wamp\www\xinxi\Home\Lib\Action\IndexAction.class.php 第 93 行.
SQL: SHOW COLUMNS FROM `tp_essay` [ RunTime:0.007806s ]
SQL: SELECT COUNT(*) AS tp_count FROM `tp_essay` WHERE ( code='xyxw' ) LIMIT 1   [ RunTime:0.000366s ]
SQL: SELECT `eid`,`etitle`,`ebuild` FROM `tp_essay` WHERE ( code = 'xyxw' ) ORDER BY ebuild desc LIMIT 0,20   [ RunTime:0.000379s ]
INFO: [ view_template ] --START--
INFO: Run LocationTemplate Behavior [ RunTime:0.001975s ]
INFO: [ view_template ] --END-- [ RunTime:0.002067s ]
INFO: [ view_parse ] --START--
INFO: Run ParseTemplate Behavior [ RunTime:0.040165s ]
INFO: [ view_parse ] --END-- [ RunTime:0.040290s ]
INFO: [ view_filter ] --START--
INFO: Run ContentReplace Behavior [ RunTime:0.001205s ]
INFO: Run TokenBuild Behavior [ RunTime:0.001265s ]
INFO: Run WriteHtmlCache Behavior [ RunTime:0.001090s ]
INFO: Run ShowRuntime Behavior [ RunTime:0.001268s ]
INFO: [ view_filter ] --END-- [ RunTime:0.005108s ]
INFO: [ view_end ] --START--
INFO: Run ShowPageTrace Behavior [ RunTime:0.001206s ]
INFO: [ view_end ] --END-- [ RunTime:0.001291s ]

[ 2014-09-27T14:36:34+08:00 ] 0.0.0.0 /xinxi/index.php/Xydt/xyxw
INFO: [ route_check ] --START--
INFO: Run CheckRoute Behavior [ RunTime:0.002045s ]
INFO: [ route_check ] --END-- [ RunTime:0.002280s ]
INFO: [ app_begin ] --START--
INFO: Run ReadHtmlCache Behavior [ RunTime:0.001725s ]
INFO: [ app_begin ] --END-- [ RunTime:0.001887s ]
SQL: SHOW COLUMNS FROM `tp_program` [ RunTime:0.010265s ]
SQL: SELECT * FROM `tp_program` WHERE ( code='xyxw' ) LIMIT 1   [ RunTime:0.000474s ]
SQL: SELECT * FROM `tp_program` WHERE ( code = 'xydt' ) LIMIT 1   [ RunTime:0.000308s ]
SQL: SELECT * FROM `tp_program` WHERE ( pparent = 'xydt' ) ORDER BY pprior  [ RunTime:0.005668s ]
NOTIC: [2] Illegal string offset 'code' G:\wamp\www\xinxi\Home\Lib\Action\IndexAction.class.php 第 93 行.
NOTIC: [2] Illegal string offset 'code' G:\wamp\www\xinxi\Home\Lib\Action\IndexAction.class.php 第 93 行.
NOTIC: [2] Illegal string offset 'code' G:\wamp\www\xinxi\Home\Lib\Action\IndexAction.class.php 第 93 行.
NOTIC: [2] Illegal string offset 'code' G:\wamp\www\xinxi\Home\Lib\Action\IndexAction.class.php 第 93 行.
NOTIC: [2] Illegal string offset 'code' G:\wamp\www\xinxi\Home\Lib\Action\IndexAction.class.php 第 93 行.
NOTIC: [2] Illegal string offset 'code' G:\wamp\www\xinxi\Home\Lib\Action\IndexAction.class.php 第 93 行.
NOTIC: [2] Illegal string offset 'code' G:\wamp\www\xinxi\Home\Lib\Action\IndexAction.class.php 第 93 行.
NOTIC: [2] Illegal string offset 'code' G:\wamp\www\xinxi\Home\Lib\Action\IndexAction.class.php 第 93 行.
NOTIC: [2] Illegal string offset 'code' G:\wamp\www\xinxi\Home\Lib\Action\IndexAction.class.php 第 93 行.
NOTIC: [8] Uninitialized string offset: 0 G:\wamp\www\xinxi\Home\Lib\Action\IndexAction.class.php 第 93 行.
SQL: SHOW COLUMNS FROM `tp_essay` [ RunTime:0.009726s ]
SQL: SELECT COUNT(*) AS tp_count FROM `tp_essay` WHERE ( code='xyxw' ) LIMIT 1   [ RunTime:0.000362s ]
SQL: SELECT `eid`,`etitle`,`ebuild` FROM `tp_essay` WHERE ( code = 'xyxw' ) ORDER BY ebuild desc LIMIT 0,20   [ RunTime:0.000347s ]
INFO: [ view_template ] --START--
INFO: Run LocationTemplate Behavior [ RunTime:0.002062s ]
INFO: [ view_template ] --END-- [ RunTime:0.002181s ]
INFO: [ view_parse ] --START--
INFO: Run ParseTemplate Behavior [ RunTime:0.019347s ]
INFO: [ view_parse ] --END-- [ RunTime:0.019513s ]
INFO: [ view_filter ] --START--
INFO: Run ContentReplace Behavior [ RunTime:0.001410s ]
INFO: Run TokenBuild Behavior [ RunTime:0.001215s ]
INFO: Run WriteHtmlCache Behavior [ RunTime:0.001479s ]
INFO: Run ShowRuntime Behavior [ RunTime:0.001751s ]
INFO: [ view_filter ] --END-- [ RunTime:0.006396s ]
INFO: [ view_end ] --START--
INFO: Run ShowPageTrace Behavior [ RunTime:0.001988s ]
INFO: [ view_end ] --END-- [ RunTime:0.002141s ]

[ 2014-09-27T15:51:57+08:00 ] 0.0.0.0 /xinxi/
INFO: [ app_begin ] --START--
INFO: Run ReadHtmlCache Behavior [ RunTime:0.002332s ]
INFO: [ app_begin ] --END-- [ RunTime:0.002492s ]
SQL: SHOW COLUMNS FROM `tp_img` [ RunTime:0.011757s ]
SQL: SELECT * FROM `tp_img` ORDER BY idate desc LIMIT 5   [ RunTime:0.000417s ]
SQL: SHOW COLUMNS FROM `tp_essay` [ RunTime:0.020606s ]
NOTIC: [8] Undefined index: eid G:\wamp\www\xinxi\ThinkPHP\Extend\Model\RelationModel.class.php 第 161 行.
SQL: SELECT `etitle` FROM `tp_essay` WHERE ( 1=1 AND eid='' ) LIMIT 1   [ RunTime:0.001208s ]
NOTIC: [8] Undefined index: eid G:\wamp\www\xinxi\ThinkPHP\Extend\Model\RelationModel.class.php 第 161 行.
SQL: SELECT `etitle` FROM `tp_essay` WHERE ( 1=1 AND eid='' ) LIMIT 1   [ RunTime:0.000279s ]
NOTIC: [8] Undefined index: eid G:\wamp\www\xinxi\ThinkPHP\Extend\Model\RelationModel.class.php 第 161 行.
SQL: SELECT `etitle` FROM `tp_essay` WHERE ( 1=1 AND eid='' ) LIMIT 1   [ RunTime:0.000259s ]
NOTIC: [8] Undefined index: eid G:\wamp\www\xinxi\ThinkPHP\Extend\Model\RelationModel.class.php 第 161 行.
SQL: SELECT `etitle` FROM `tp_essay` WHERE ( 1=1 AND eid='' ) LIMIT 1   [ RunTime:0.000254s ]
SQL: SHOW COLUMNS FROM `tp_essay` [ RunTime:0.011040s ]
SQL: SELECT `eid`,`etitle`,`ebuild` FROM `tp_essay` WHERE ( `code`='xyxw' ) ORDER BY ebuild desc LIMIT 9   [ RunTime:0.000769s ]
SQL: SHOW COLUMNS FROM `tp_essay` [ RunTime:0.013344s ]
SQL: SELECT `eid`,`etitle`,`ebuild` FROM `tp_essay` WHERE ( `code`="tzgg" ) ORDER BY ebuild desc LIMIT 9   [ RunTime:0.000659s ]
NOTIC: [2] Invalid argument supplied for foreach() G:\wamp\www\xinxi\Home\Lib\Action\IndexAction.class.php 第 24 行.
INFO: [ view_template ] --START--
INFO: Run LocationTemplate Behavior [ RunTime:0.003384s ]
INFO: [ view_template ] --END-- [ RunTime:0.003570s ]
INFO: [ view_parse ] --START--
INFO: Run ParseTemplate Behavior [ RunTime:0.033633s ]
INFO: [ view_parse ] --END-- [ RunTime:0.033825s ]
INFO: [ view_filter ] --START--
INFO: Run ContentReplace Behavior [ RunTime:0.001839s ]
INFO: Run TokenBuild Behavior [ RunTime:0.001600s ]
INFO: Run WriteHtmlCache Behavior [ RunTime:0.001380s ]
INFO: Run ShowRuntime Behavior [ RunTime:0.001863s ]
INFO: [ view_filter ] --END-- [ RunTime:0.007149s ]
INFO: [ view_end ] --START--
INFO: Run ShowPageTrace Behavior [ RunTime:0.003208s ]
INFO: [ view_end ] --END-- [ RunTime:0.003483s ]

[ 2014-09-27T15:52:00+08:00 ] 0.0.0.0 /xinxi/index.php/Index/content/e/3
INFO: [ route_check ] --START--
INFO: Run CheckRoute Behavior [ RunTime:0.001858s ]
INFO: [ route_check ] --END-- [ RunTime:0.002027s ]
INFO: [ app_begin ] --START--
INFO: Run ReadHtmlCache Behavior [ RunTime:0.001236s ]
INFO: [ app_begin ] --END-- [ RunTime:0.001338s ]
SQL: SHOW COLUMNS FROM `tp_essay` [ RunTime:0.011677s ]
SQL: UPDATE `tp_essay` SET `etimes`=etimes+1 WHERE ( eid = 3 ) [ RunTime:0.316766s ]
SQL: SELECT `eid`,`etitle`,`efrom`,`code`,`edetail`,`etimes`,`ebuild` FROM `tp_essay` WHERE ( eid = 3 ) LIMIT 1   [ RunTime:0.000351s ]
SQL: SHOW COLUMNS FROM `tp_program` [ RunTime:0.007910s ]
SQL: SELECT * FROM `tp_program` WHERE ( code = 'xyxw' ) LIMIT 1   [ RunTime:0.000374s ]
SQL: SELECT * FROM `tp_program` WHERE ( code = 'xydt' ) LIMIT 1   [ RunTime:0.000961s ]
SQL: SELECT * FROM `tp_program` WHERE ( pparent = 'xydt' ) ORDER BY pprior  [ RunTime:0.001470s ]
NOTIC: [2] Illegal string offset 'code' G:\wamp\www\xinxi\Home\Lib\Action\IndexAction.class.php 第 133 行.
NOTIC: [2] Illegal string offset 'code' G:\wamp\www\xinxi\Home\Lib\Action\IndexAction.class.php 第 133 行.
NOTIC: [2] Illegal string offset 'code' G:\wamp\www\xinxi\Home\Lib\Action\IndexAction.class.php 第 133 行.
NOTIC: [2] Illegal string offset 'code' G:\wamp\www\xinxi\Home\Lib\Action\IndexAction.class.php 第 133 行.
NOTIC: [2] Illegal string offset 'code' G:\wamp\www\xinxi\Home\Lib\Action\IndexAction.class.php 第 133 行.
NOTIC: [2] Illegal string offset 'code' G:\wamp\www\xinxi\Home\Lib\Action\IndexAction.class.php 第 133 行.
NOTIC: [2] Illegal string offset 'code' G:\wamp\www\xinxi\Home\Lib\Action\IndexAction.class.php 第 133 行.
NOTIC: [2] Illegal string offset 'code' G:\wamp\www\xinxi\Home\Lib\Action\IndexAction.class.php 第 133 行.
NOTIC: [2] Illegal string offset 'code' G:\wamp\www\xinxi\Home\Lib\Action\IndexAction.class.php 第 133 行.
NOTIC: [8] Uninitialized string offset: 0 G:\wamp\www\xinxi\Home\Lib\Action\IndexAction.class.php 第 133 行.
INFO: [ view_template ] --START--
INFO: Run LocationTemplate Behavior [ RunTime:0.001920s ]
INFO: [ view_template ] --END-- [ RunTime:0.002034s ]
INFO: [ view_parse ] --START--
NOTIC: [8] Undefined variable: page G:\wamp\www\xinxi\Home\Runtime\Cache\9a8c959e4fafb33520d135789110e7d7.php 第 126 行.
INFO: Run ParseTemplate Behavior [ RunTime:0.029138s ]
INFO: [ view_parse ] --END-- [ RunTime:0.029263s ]
INFO: [ view_filter ] --START--
INFO: Run ContentReplace Behavior [ RunTime:0.002417s ]
INFO: Run TokenBuild Behavior [ RunTime:0.002073s ]
INFO: Run WriteHtmlCache Behavior [ RunTime:0.001158s ]
INFO: Run ShowRuntime Behavior [ RunTime:0.001173s ]
INFO: [ view_filter ] --END-- [ RunTime:0.007254s ]
INFO: [ view_end ] --START--
INFO: Run ShowPageTrace Behavior [ RunTime:0.001251s ]
INFO: [ view_end ] --END-- [ RunTime:0.001345s ]

[ 2014-09-27T16:58:10+08:00 ] 0.0.0.0 /xinxi/
INFO: [ app_begin ] --START--
INFO: Run ReadHtmlCache Behavior [ RunTime:0.002318s ]
INFO: [ app_begin ] --END-- [ RunTime:0.002545s ]
SQL: SHOW COLUMNS FROM `tp_img` [ RunTime:0.010557s ]
SQL: SELECT * FROM `tp_img` ORDER BY idate desc LIMIT 5   [ RunTime:0.000581s ]
SQL: SHOW COLUMNS FROM `tp_essay` [ RunTime:0.008642s ]
NOTIC: [8] Undefined index: eid G:\wamp\www\xinxi\ThinkPHP\Extend\Model\RelationModel.class.php 第 161 行.
SQL: SELECT `etitle` FROM `tp_essay` WHERE ( 1=1 AND eid='' ) LIMIT 1   [ RunTime:0.000284s ]
NOTIC: [8] Undefined index: eid G:\wamp\www\xinxi\ThinkPHP\Extend\Model\RelationModel.class.php 第 161 行.
SQL: SELECT `etitle` FROM `tp_essay` WHERE ( 1=1 AND eid='' ) LIMIT 1   [ RunTime:0.000249s ]
NOTIC: [8] Undefined index: eid G:\wamp\www\xinxi\ThinkPHP\Extend\Model\RelationModel.class.php 第 161 行.
SQL: SELECT `etitle` FROM `tp_essay` WHERE ( 1=1 AND eid='' ) LIMIT 1   [ RunTime:0.000210s ]
NOTIC: [8] Undefined index: eid G:\wamp\www\xinxi\ThinkPHP\Extend\Model\RelationModel.class.php 第 161 行.
SQL: SELECT `etitle` FROM `tp_essay` WHERE ( 1=1 AND eid='' ) LIMIT 1   [ RunTime:0.000215s ]
SQL: SHOW COLUMNS FROM `tp_essay` [ RunTime:0.009727s ]
SQL: SELECT `eid`,`etitle`,`ebuild` FROM `tp_essay` WHERE ( `code`='xyxw' ) ORDER BY ebuild desc LIMIT 9   [ RunTime:0.000408s ]
SQL: SHOW COLUMNS FROM `tp_essay` [ RunTime:0.008489s ]
SQL: SELECT `eid`,`etitle`,`ebuild` FROM `tp_essay` WHERE ( `code`="tzgg" ) ORDER BY ebuild desc LIMIT 9   [ RunTime:0.000435s ]
NOTIC: [2] Invalid argument supplied for foreach() G:\wamp\www\xinxi\Home\Lib\Action\IndexAction.class.php 第 24 行.
INFO: [ view_template ] --START--
INFO: Run LocationTemplate Behavior [ RunTime:0.002850s ]
INFO: [ view_template ] --END-- [ RunTime:0.003017s ]
INFO: [ view_parse ] --START--
INFO: Run ParseTemplate Behavior [ RunTime:0.026266s ]
INFO: [ view_parse ] --END-- [ RunTime:0.026445s ]
INFO: [ view_filter ] --START--
INFO: Run ContentReplace Behavior [ RunTime:0.001709s ]
INFO: Run TokenBuild Behavior [ RunTime:0.002144s ]
INFO: Run WriteHtmlCache Behavior [ RunTime:0.001848s ]
INFO: Run ShowRuntime Behavior [ RunTime:0.001852s ]
INFO: [ view_filter ] --END-- [ RunTime:0.008006s ]
INFO: [ view_end ] --START--
INFO: Run ShowPageTrace Behavior [ RunTime:0.002027s ]
INFO: [ view_end ] --END-- [ RunTime:0.002195s ]

[ 2014-09-27T16:58:12+08:00 ] 0.0.0.0 /xinxi/index.php/Fwxx/wjxz
INFO: [ route_check ] --START--
INFO: Run CheckRoute Behavior [ RunTime:0.001961s ]
INFO: [ route_check ] --END-- [ RunTime:0.002147s ]
INFO: [ app_begin ] --START--
INFO: Run ReadHtmlCache Behavior [ RunTime:0.003837s ]
INFO: [ app_begin ] --END-- [ RunTime:0.004373s ]
SQL: SHOW COLUMNS FROM `tp_file` [ RunTime:0.011440s ]
SQL: SELECT COUNT(*) AS tp_count FROM `tp_file` LIMIT 1   [ RunTime:0.000327s ]
SQL: SELECT * FROM `tp_file` ORDER BY `fbuild` desc LIMIT 0,15   [ RunTime:0.000233s ]
NOTIC: [2] Invalid argument supplied for foreach() G:\wamp\www\xinxi\Home\Lib\Action\FwxxAction.class.php 第 20 行.
INFO: [ view_template ] --START--
INFO: Run LocationTemplate Behavior [ RunTime:0.003182s ]
INFO: [ view_template ] --END-- [ RunTime:0.003327s ]
INFO: [ view_parse ] --START--
INFO: Run ParseTemplate Behavior [ RunTime:0.028186s ]
INFO: [ view_parse ] --END-- [ RunTime:0.028322s ]
INFO: [ view_filter ] --START--
INFO: Run ContentReplace Behavior [ RunTime:0.001111s ]
INFO: Run TokenBuild Behavior [ RunTime:0.001469s ]
INFO: Run WriteHtmlCache Behavior [ RunTime:0.001181s ]
INFO: Run ShowRuntime Behavior [ RunTime:0.001119s ]
INFO: [ view_filter ] --END-- [ RunTime:0.005183s ]
INFO: [ view_end ] --START--
INFO: Run ShowPageTrace Behavior [ RunTime:0.001153s ]
INFO: [ view_end ] --END-- [ RunTime:0.001237s ]

[ 2014-09-27T16:59:07+08:00 ] 0.0.0.0 /xinxi/index.php/Index/index
INFO: [ route_check ] --START--
INFO: Run CheckRoute Behavior [ RunTime:0.001849s ]
INFO: [ route_check ] --END-- [ RunTime:0.002045s ]
INFO: [ app_begin ] --START--
INFO: Run ReadHtmlCache Behavior [ RunTime:0.001770s ]
INFO: [ app_begin ] --END-- [ RunTime:0.001944s ]
SQL: SHOW COLUMNS FROM `tp_img` [ RunTime:0.010287s ]
SQL: SELECT * FROM `tp_img` ORDER BY idate desc LIMIT 5   [ RunTime:0.007663s ]
SQL: SHOW COLUMNS FROM `tp_essay` [ RunTime:0.010660s ]
NOTIC: [8] Undefined index: eid G:\wamp\www\xinxi\ThinkPHP\Extend\Model\RelationModel.class.php 第 161 行.
SQL: SELECT `etitle` FROM `tp_essay` WHERE ( 1=1 AND eid='' ) LIMIT 1   [ RunTime:0.000411s ]
NOTIC: [8] Undefined index: eid G:\wamp\www\xinxi\ThinkPHP\Extend\Model\RelationModel.class.php 第 161 行.
SQL: SELECT `etitle` FROM `tp_essay` WHERE ( 1=1 AND eid='' ) LIMIT 1   [ RunTime:0.000356s ]
NOTIC: [8] Undefined index: eid G:\wamp\www\xinxi\ThinkPHP\Extend\Model\RelationModel.class.php 第 161 行.
SQL: SELECT `etitle` FROM `tp_essay` WHERE ( 1=1 AND eid='' ) LIMIT 1   [ RunTime:0.000303s ]
NOTIC: [8] Undefined index: eid G:\wamp\www\xinxi\ThinkPHP\Extend\Model\RelationModel.class.php 第 161 行.
SQL: SELECT `etitle` FROM `tp_essay` WHERE ( 1=1 AND eid='' ) LIMIT 1   [ RunTime:0.000296s ]
SQL: SHOW COLUMNS FROM `tp_essay` [ RunTime:0.010503s ]
SQL: SELECT `eid`,`etitle`,`ebuild` FROM `tp_essay` WHERE ( `code`='xyxw' ) ORDER BY ebuild desc LIMIT 9   [ RunTime:0.000390s ]
SQL: SHOW COLUMNS FROM `tp_essay` [ RunTime:0.010141s ]
SQL: SELECT `eid`,`etitle`,`ebuild` FROM `tp_essay` WHERE ( `code`="tzgg" ) ORDER BY ebuild desc LIMIT 9   [ RunTime:0.000400s ]
NOTIC: [2] Invalid argument supplied for foreach() G:\wamp\www\xinxi\Home\Lib\Action\IndexAction.class.php 第 24 行.
INFO: [ view_template ] --START--
INFO: Run LocationTemplate Behavior [ RunTime:0.002754s ]
INFO: [ view_template ] --END-- [ RunTime:0.002907s ]
INFO: [ view_parse ] --START--
INFO: Run ParseTemplate Behavior [ RunTime:0.024351s ]
INFO: [ view_parse ] --END-- [ RunTime:0.024548s ]
INFO: [ view_filter ] --START--
INFO: Run ContentReplace Behavior [ RunTime:0.001718s ]
INFO: Run TokenBuild Behavior [ RunTime:0.001542s ]
INFO: Run WriteHtmlCache Behavior [ RunTime:0.001335s ]
INFO: Run ShowRuntime Behavior [ RunTime:0.001675s ]
INFO: [ view_filter ] --END-- [ RunTime:0.006697s ]
INFO: [ view_end ] --START--
INFO: Run ShowPageTrace Behavior [ RunTime:0.001882s ]
INFO: [ view_end ] --END-- [ RunTime:0.002052s ]

[ 2014-09-27T16:59:09+08:00 ] 0.0.0.0 /xinxi/index.php/Fwxx/wjxz
INFO: [ route_check ] --START--
INFO: Run CheckRoute Behavior [ RunTime:0.001592s ]
INFO: [ route_check ] --END-- [ RunTime:0.001770s ]
INFO: [ app_begin ] --START--
INFO: Run ReadHtmlCache Behavior [ RunTime:0.001868s ]
INFO: [ app_begin ] --END-- [ RunTime:0.002050s ]
SQL: SHOW COLUMNS FROM `tp_file` [ RunTime:0.012859s ]
SQL: SELECT COUNT(*) AS tp_count FROM `tp_file` LIMIT 1   [ RunTime:0.000455s ]
SQL: SELECT * FROM `tp_file` ORDER BY `fbuild` desc LIMIT 0,15   [ RunTime:0.000534s ]
INFO: [ view_template ] --START--
INFO: Run LocationTemplate Behavior [ RunTime:0.002510s ]
INFO: [ view_template ] --END-- [ RunTime:0.002643s ]
INFO: [ view_parse ] --START--
NOTIC: [8] Undefined index: fdescrib G:\wamp\www\xinxi\Home\Runtime\Cache\ba1f6b2fd82822b303d8e49bc8d909f7.php 第 128 行.
INFO: Run ParseTemplate Behavior [ RunTime:0.017692s ]
INFO: [ view_parse ] --END-- [ RunTime:0.017819s ]
INFO: [ view_filter ] --START--
INFO: Run ContentReplace Behavior [ RunTime:0.001454s ]
INFO: Run TokenBuild Behavior [ RunTime:0.001062s ]
INFO: Run WriteHtmlCache Behavior [ RunTime:0.000923s ]
INFO: Run ShowRuntime Behavior [ RunTime:0.001119s ]
INFO: [ view_filter ] --END-- [ RunTime:0.004833s ]
INFO: [ view_end ] --START--
INFO: Run ShowPageTrace Behavior [ RunTime:0.001174s ]
INFO: [ view_end ] --END-- [ RunTime:0.001275s ]

[ 2014-09-27T17:06:48+08:00 ] 0.0.0.0 /xinxi/index.php/Fwxx/wjxz
INFO: [ route_check ] --START--
INFO: Run CheckRoute Behavior [ RunTime:0.002525s ]
INFO: [ route_check ] --END-- [ RunTime:0.002729s ]
INFO: [ app_begin ] --START--
INFO: Run ReadHtmlCache Behavior [ RunTime:0.002304s ]
INFO: [ app_begin ] --END-- [ RunTime:0.002491s ]
SQL: SHOW COLUMNS FROM `tp_file` [ RunTime:0.020692s ]
SQL: SELECT COUNT(*) AS tp_count FROM `tp_file` LIMIT 1   [ RunTime:0.000547s ]
SQL: SELECT * FROM `tp_file` ORDER BY `fbuild` desc LIMIT 0,15   [ RunTime:0.000625s ]
INFO: [ view_template ] --START--
INFO: Run LocationTemplate Behavior [ RunTime:0.003037s ]
INFO: [ view_template ] --END-- [ RunTime:0.003182s ]
INFO: [ view_parse ] --START--
NOTIC: [8] Undefined index: fdescrib G:\wamp\www\xinxi\Home\Runtime\Cache\ba1f6b2fd82822b303d8e49bc8d909f7.php 第 128 行.
INFO: Run ParseTemplate Behavior [ RunTime:0.018943s ]
INFO: [ view_parse ] --END-- [ RunTime:0.019039s ]
INFO: [ view_filter ] --START--
INFO: Run ContentReplace Behavior [ RunTime:0.001239s ]
INFO: Run TokenBuild Behavior [ RunTime:0.001102s ]
INFO: Run WriteHtmlCache Behavior [ RunTime:0.000950s ]
INFO: Run ShowRuntime Behavior [ RunTime:0.000970s ]
INFO: [ view_filter ] --END-- [ RunTime:0.004498s ]
INFO: [ view_end ] --START--
INFO: Run ShowPageTrace Behavior [ RunTime:0.001192s ]
INFO: [ view_end ] --END-- [ RunTime:0.001287s ]

[ 2014-09-27T17:06:58+08:00 ] 0.0.0.0 /xinxi/index.php/Fwxx/wjxz
INFO: [ route_check ] --START--
INFO: Run CheckRoute Behavior [ RunTime:0.001583s ]
INFO: [ route_check ] --END-- [ RunTime:0.001701s ]
INFO: [ app_begin ] --START--
INFO: Run ReadHtmlCache Behavior [ RunTime:0.001253s ]
INFO: [ app_begin ] --END-- [ RunTime:0.001349s ]
SQL: SHOW COLUMNS FROM `tp_file` [ RunTime:0.010528s ]
SQL: SELECT COUNT(*) AS tp_count FROM `tp_file` LIMIT 1   [ RunTime:0.000405s ]
SQL: SELECT * FROM `tp_file` ORDER BY `fbuild` desc LIMIT 0,15   [ RunTime:0.000349s ]
INFO: [ view_template ] --START--
INFO: Run LocationTemplate Behavior [ RunTime:0.003392s ]
INFO: [ view_template ] --END-- [ RunTime:0.003538s ]
INFO: [ view_parse ] --START--
NOTIC: [8] Undefined index: fdescrib G:\wamp\www\xinxi\Home\Runtime\Cache\ba1f6b2fd82822b303d8e49bc8d909f7.php 第 128 行.
INFO: Run ParseTemplate Behavior [ RunTime:0.017814s ]
INFO: [ view_parse ] --END-- [ RunTime:0.017912s ]
INFO: [ view_filter ] --START--
INFO: Run ContentReplace Behavior [ RunTime:0.001212s ]
INFO: Run TokenBuild Behavior [ RunTime:0.001073s ]
INFO: Run WriteHtmlCache Behavior [ RunTime:0.000940s ]
INFO: Run ShowRuntime Behavior [ RunTime:0.001108s ]
INFO: [ view_filter ] --END-- [ RunTime:0.004578s ]
INFO: [ view_end ] --START--
INFO: Run ShowPageTrace Behavior [ RunTime:0.001189s ]
INFO: [ view_end ] --END-- [ RunTime:0.001279s ]

[ 2014-09-27T17:07:09+08:00 ] 0.0.0.0 /xinxi/index.php/Fwxx/wjxz/f/1
INFO: [ route_check ] --START--
INFO: Run CheckRoute Behavior [ RunTime:0.001951s ]
INFO: [ route_check ] --END-- [ RunTime:0.002178s ]
INFO: [ app_begin ] --START--
INFO: Run ReadHtmlCache Behavior [ RunTime:0.002919s ]
INFO: [ app_begin ] --END-- [ RunTime:0.003124s ]
SQL: SHOW COLUMNS FROM `tp_file` [ RunTime:0.008374s ]
SQL: UPDATE `tp_file` SET `ftimes`=ftimes+1 WHERE ( `fid` = 1 ) [ RunTime:0.087732s ]
SQL: SELECT `fname` FROM `tp_file` WHERE ( `fid` = 1 ) LIMIT 1   [ RunTime:0.000356s ]
NOTIC: [2] filesize(): stat failed for .Uploads/2014年3月21日.doc G:\wamp\www\xinxi\Home\Lib\Action\FwxxAction.class.php 第 57 行.
NOTIC: [2] readfile(.Uploads/2014年3月21日.doc): failed to open stream: No such file or directory G:\wamp\www\xinxi\Home\Lib\Action\FwxxAction.class.php 第 58 行.

[ 2014-09-27T17:28:11+08:00 ] 0.0.0.0 /xinxi/index.php/Fwxx/wjxz
INFO: [ route_check ] --START--
INFO: Run CheckRoute Behavior [ RunTime:0.002125s ]
INFO: [ route_check ] --END-- [ RunTime:0.002274s ]
INFO: [ app_begin ] --START--
INFO: Run ReadHtmlCache Behavior [ RunTime:0.001741s ]
INFO: [ app_begin ] --END-- [ RunTime:0.001888s ]
SQL: SHOW COLUMNS FROM `tp_file` [ RunTime:0.010279s ]
SQL: SELECT COUNT(*) AS tp_count FROM `tp_file` LIMIT 1   [ RunTime:0.000355s ]
SQL: SELECT * FROM `tp_file` ORDER BY `fbuild` desc LIMIT 0,15   [ RunTime:0.000286s ]
INFO: [ view_template ] --START--
INFO: Run LocationTemplate Behavior [ RunTime:0.002257s ]
INFO: [ view_template ] --END-- [ RunTime:0.002363s ]
INFO: [ view_parse ] --START--
NOTIC: [8] Undefined index: fdescrib G:\wamp\www\xinxi\Home\Runtime\Cache\ba1f6b2fd82822b303d8e49bc8d909f7.php 第 128 行.
INFO: Run ParseTemplate Behavior [ RunTime:0.020340s ]
INFO: [ view_parse ] --END-- [ RunTime:0.020441s ]
INFO: [ view_filter ] --START--
INFO: Run ContentReplace Behavior [ RunTime:0.001679s ]
INFO: Run TokenBuild Behavior [ RunTime:0.001180s ]
INFO: Run WriteHtmlCache Behavior [ RunTime:0.000970s ]
INFO: Run ShowRuntime Behavior [ RunTime:0.001167s ]
INFO: [ view_filter ] --END-- [ RunTime:0.005295s ]
INFO: [ view_end ] --START--
INFO: Run ShowPageTrace Behavior [ RunTime:0.001676s ]
INFO: [ view_end ] --END-- [ RunTime:0.001814s ]

[ 2014-09-27T17:31:54+08:00 ] 0.0.0.0 /xinxi/index.php/Fwxx/wjxz/f/1
INFO: [ route_check ] --START--
INFO: Run CheckRoute Behavior [ RunTime:0.002374s ]
INFO: [ route_check ] --END-- [ RunTime:0.002560s ]
INFO: [ app_begin ] --START--
INFO: Run ReadHtmlCache Behavior [ RunTime:0.001908s ]
INFO: [ app_begin ] --END-- [ RunTime:0.002107s ]
SQL: SHOW COLUMNS FROM `tp_file` [ RunTime:0.010535s ]
SQL: UPDATE `tp_file` SET `ftimes`=ftimes+1 WHERE ( `fid` = 1 ) [ RunTime:0.044856s ]
SQL: SELECT `fname` FROM `tp_file` WHERE ( `fid` = 1 ) LIMIT 1   [ RunTime:0.000606s ]
NOTIC: [2] filesize(): stat failed for .Uploads/2014年3月21日.doc G:\wamp\www\xinxi\Home\Lib\Action\FwxxAction.class.php 第 57 行.
NOTIC: [2] readfile(.Uploads/2014年3月21日.doc): failed to open stream: No such file or directory G:\wamp\www\xinxi\Home\Lib\Action\FwxxAction.class.php 第 58 行.

[ 2014-09-27T18:14:38+08:00 ] 0.0.0.0 /xinxi/index.php/Fwxx/wjxz/f/1
INFO: [ route_check ] --START--
INFO: Run CheckRoute Behavior [ RunTime:0.001760s ]
INFO: [ route_check ] --END-- [ RunTime:0.001882s ]
INFO: [ app_begin ] --START--
INFO: Run ReadHtmlCache Behavior [ RunTime:0.001239s ]
INFO: [ app_begin ] --END-- [ RunTime:0.001374s ]
SQL: SHOW COLUMNS FROM `tp_file` [ RunTime:0.008135s ]
SQL: UPDATE `tp_file` SET `ftimes`=ftimes+1 WHERE ( `fid` = 1 ) [ RunTime:0.057948s ]
SQL: SELECT `fname` FROM `tp_file` WHERE ( `fid` = 1 ) LIMIT 1   [ RunTime:0.000384s ]
NOTIC: [2] filesize(): stat failed for .Uploads/2014年3月21日.doc G:\wamp\www\xinxi\Home\Lib\Action\FwxxAction.class.php 第 57 行.
NOTIC: [2] readfile(.Uploads/2014年3月21日.doc): failed to open stream: No such file or directory G:\wamp\www\xinxi\Home\Lib\Action\FwxxAction.class.php 第 58 行.

[ 2014-09-27T19:00:52+08:00 ] 0.0.0.0 /xinxi/
INFO: [ app_begin ] --START--
INFO: Run ReadHtmlCache Behavior [ RunTime:0.003355s ]
INFO: [ app_begin ] --END-- [ RunTime:0.003589s ]
SQL: SHOW COLUMNS FROM `tp_img` [ RunTime:0.017394s ]
SQL: SELECT * FROM `tp_img` ORDER BY idate desc LIMIT 5   [ RunTime:0.000710s ]
SQL: SHOW COLUMNS FROM `tp_essay` [ RunTime:0.018136s ]
NOTIC: [8] Undefined index: eid G:\wamp\www\xinxi\ThinkPHP\Extend\Model\RelationModel.class.php 第 161 行.
SQL: SELECT `etitle` FROM `tp_essay` WHERE ( 1=1 AND eid='' ) LIMIT 1   [ RunTime:0.000544s ]
NOTIC: [8] Undefined index: eid G:\wamp\www\xinxi\ThinkPHP\Extend\Model\RelationModel.class.php 第 161 行.
SQL: SELECT `etitle` FROM `tp_essay` WHERE ( 1=1 AND eid='' ) LIMIT 1   [ RunTime:0.000368s ]
NOTIC: [8] Undefined index: eid G:\wamp\www\xinxi\ThinkPHP\Extend\Model\RelationModel.class.php 第 161 行.
SQL: SELECT `etitle` FROM `tp_essay` WHERE ( 1=1 AND eid='' ) LIMIT 1   [ RunTime:0.000381s ]
NOTIC: [8] Undefined index: eid G:\wamp\www\xinxi\ThinkPHP\Extend\Model\RelationModel.class.php 第 161 行.
SQL: SELECT `etitle` FROM `tp_essay` WHERE ( 1=1 AND eid='' ) LIMIT 1   [ RunTime:0.000366s ]
SQL: SHOW COLUMNS FROM `tp_essay` [ RunTime:0.012901s ]
SQL: SELECT `eid`,`etitle`,`ebuild` FROM `tp_essay` WHERE ( `code`='xyxw' ) ORDER BY ebuild desc LIMIT 9   [ RunTime:0.000431s ]
SQL: SHOW COLUMNS FROM `tp_essay` [ RunTime:0.010659s ]
SQL: SELECT `eid`,`etitle`,`ebuild` FROM `tp_essay` WHERE ( `code`="tzgg" ) ORDER BY ebuild desc LIMIT 9   [ RunTime:0.000465s ]
NOTIC: [2] Invalid argument supplied for foreach() G:\wamp\www\xinxi\Home\Lib\Action\IndexAction.class.php 第 24 行.
INFO: [ view_template ] --START--
INFO: Run LocationTemplate Behavior [ RunTime:0.003183s ]
INFO: [ view_template ] --END-- [ RunTime:0.003381s ]
INFO: [ view_parse ] --START--
INFO: Run ParseTemplate Behavior [ RunTime:0.029758s ]
INFO: [ view_parse ] --END-- [ RunTime:0.029953s ]
INFO: [ view_filter ] --START--
INFO: Run ContentReplace Behavior [ RunTime:0.001794s ]
INFO: Run TokenBuild Behavior [ RunTime:0.001518s ]
INFO: Run WriteHtmlCache Behavior [ RunTime:0.001292s ]
INFO: Run ShowRuntime Behavior [ RunTime:0.001610s ]
INFO: [ view_filter ] --END-- [ RunTime:0.006607s ]
INFO: [ view_end ] --START--
INFO: Run ShowPageTrace Behavior [ RunTime:0.001799s ]
INFO: [ view_end ] --END-- [ RunTime:0.001958s ]

